[2026-03-20 19:30:55] [32minfo[39m: Server running on port 5000
[2026-03-20 19:30:55] [32minfo[39m: MongoDB connected: 127.0.0.1
[2026-03-20 19:32:46] [32minfo[39m: Server running on port 5000
[2026-03-20 19:32:46] [32minfo[39m: MongoDB connected: 127.0.0.1
[2026-03-20 19:33:31] [32minfo[39m: Server running on port 5000
[2026-03-20 19:33:31] [32minfo[39m: MongoDB connected: 127.0.0.1
[2026-03-20 19:33:52] [32minfo[39m: Server running on port 5000
[2026-03-20 19:33:52] [32minfo[39m: MongoDB connected: 127.0.0.1
[2026-03-20 19:34:26] [32minfo[39m: Server running on port 5000
[2026-03-20 19:34:26] [32minfo[39m: MongoDB connected: 127.0.0.1
[2026-03-20 19:34:39] [32minfo[39m: Server running on port 5000
[2026-03-20 19:34:39] [32minfo[39m: MongoDB connected: 127.0.0.1
[2026-03-20 19:35:29] [32minfo[39m: Server running on port 5000
[2026-03-20 19:35:29] [32minfo[39m: MongoDB connected: 127.0.0.1
[2026-03-20 19:35:44] [32minfo[39m: Server running on port 5000
[2026-03-20 19:35:44] [32minfo[39m: MongoDB connected: 127.0.0.1
[2026-03-20 19:36:06] [32minfo[39m: Server running on port 5000
[2026-03-20 19:36:06] [32minfo[39m: MongoDB connected: 127.0.0.1
[2026-03-20 19:36:33] [32minfo[39m: Server running on port 5000
[2026-03-20 19:36:33] [32minfo[39m: MongoDB connected: 127.0.0.1
[2026-03-20 19:39:13] [32minfo[39m: Server running on port 5000
[2026-03-20 19:39:13] [32minfo[39m: MongoDB connected: 127.0.0.1
[2026-03-20 19:39:18] [32minfo[39m: Server running on port 5000
[2026-03-20 19:39:18] [32minfo[39m: MongoDB connected: 127.0.0.1
[2026-03-20 19:41:03] [32minfo[39m: New user registered: operator@test.com (operator)
[2026-03-20 19:41:15] [32minfo[39m: User logged in: operator@test.com
[2026-03-20 19:42:13] [32minfo[39m: Server running on port 5000
[2026-03-20 19:42:13] [32minfo[39m: MongoDB connected: 127.0.0.1
[2026-03-20 19:42:37] [32minfo[39m: Server running on port 5000
[2026-03-20 19:42:37] [32minfo[39m: MongoDB connected: 127.0.0.1
[2026-03-20 19:52:21] [32minfo[39m: Server running on port 5000
[2026-03-20 19:52:21] [32minfo[39m: MongoDB connected: 127.0.0.1
[2026-03-20 19:52:30] [32minfo[39m: User logged in: operator@test.com
[2026-03-20 19:53:32] [32minfo[39m: Session created: 69bd586474017cc4c5c47765 | Batch: BATCH-001 | Operator: operator@test.com
[2026-03-20 19:55:02] [32minfo[39m: Server running on port 5000
[2026-03-20 19:55:02] [32minfo[39m: MongoDB connected: 127.0.0.1
[2026-03-20 19:55:38] [32minfo[39m: Server running on port 5000
[2026-03-20 19:55:38] [32minfo[39m: MongoDB connected: 127.0.0.1
[2026-03-20 19:58:50] [32minfo[39m: Server running on port 5000
[2026-03-20 19:58:50] [32minfo[39m: MongoDB connected: 127.0.0.1
[2026-03-20 19:59:56] [32minfo[39m: Server running on port 5000
[2026-03-20 19:59:56] [32minfo[39m: MongoDB connected: 127.0.0.1
[2026-03-20 20:07:56] [32minfo[39m: Video uploaded for session 69bd586474017cc4c5c47765: ..\data\videos\1774017476380-69bd5577997a38370663c05c.mp4
[2026-03-20 20:10:07] [32minfo[39m: Server running on port 5000
[2026-03-20 20:10:07] [32minfo[39m: MongoDB connected: 127.0.0.1
[2026-03-20 20:10:39] [32minfo[39m: Server running on port 5000
[2026-03-20 20:10:39] [32minfo[39m: MongoDB connected: 127.0.0.1
[2026-03-20 20:13:16] [32minfo[39m: Server running on port 5000
[2026-03-20 20:13:16] [32minfo[39m: MongoDB connected: 127.0.0.1
[2026-03-20 20:16:10] [32minfo[39m: Server running on port 5000
[2026-03-20 20:16:10] [32minfo[39m: MongoDB connected: 127.0.0.1
[2026-03-20 20:16:56] [32minfo[39m: Session stopped: 69bd586474017cc4c5c47765 | Final count: 0
[2026-03-20 20:17:06] [32minfo[39m: Challan generated: C:\dev\projects\AgniSight-AI\data\reports\challan-69bd586474017cc4c5c47765-1774018026079.pdf
[2026-03-20 20:46:50] [32minfo[39m: Server running on port 5000
[2026-03-20 20:46:50] [32minfo[39m: MongoDB connected: 127.0.0.1
[2026-03-20 20:47:42] [32minfo[39m: Server running on port 5000
[2026-03-20 20:47:42] [32minfo[39m: MongoDB connected: 127.0.0.1
[2026-03-20 23:30:40] [32minfo[39m: Cron: Video cleanup job scheduled (daily at midnight).
[2026-03-20 23:30:40] [32minfo[39m: Server running on port 5000
[2026-03-20 23:30:40] [32minfo[39m: MongoDB connected: 127.0.0.1
[2026-03-20 23:38:01] [32minfo[39m: Cron: Video cleanup job scheduled (daily at midnight).
[2026-03-20 23:38:01] [32minfo[39m: Server running on port 5000
[2026-03-20 23:38:01] [32minfo[39m: MongoDB connected: 127.0.0.1
[2026-03-20 23:47:50] [32minfo[39m: Cron: Video cleanup job scheduled (daily at midnight).
[2026-03-20 23:47:50] [32minfo[39m: Server running on port 5000
[2026-03-20 23:47:50] [32minfo[39m: MongoDB connected: 127.0.0.1
[2026-03-20 23:58:47] [32minfo[39m: Cron: Video cleanup job scheduled (daily at midnight).
[2026-03-20 23:58:47] [32minfo[39m: Server running on port 5000
[2026-03-20 23:58:47] [32minfo[39m: MongoDB connected: 127.0.0.1
[2026-03-20 23:58:52] [32minfo[39m: Cron: Video cleanup job scheduled (daily at midnight).
[2026-03-20 23:58:52] [32minfo[39m: Server running on port 5000
[2026-03-20 23:58:52] [32minfo[39m: MongoDB connected: 127.0.0.1
[2026-03-20 23:59:28] [32minfo[39m: Cron: Video cleanup job scheduled (daily at midnight).
[2026-03-20 23:59:28] [32minfo[39m: Server running on port 5000
[2026-03-20 23:59:28] [32minfo[39m: MongoDB connected: 127.0.0.1
[2026-03-20 23:59:37] [32minfo[39m: Cron: Video cleanup job scheduled (daily at midnight).
[2026-03-20 23:59:37] [32minfo[39m: Server running on port 5000
[2026-03-20 23:59:37] [32minfo[39m: MongoDB connected: 127.0.0.1
[2026-03-20 23:59:41] [32minfo[39m: Cron: Video cleanup job scheduled (daily at midnight).
[2026-03-20 23:59:41] [32minfo[39m: Server running on port 5000
[2026-03-20 23:59:41] [32minfo[39m: MongoDB connected: 127.0.0.1
[2026-03-21 00:00:23] [32minfo[39m: Cron: Video cleanup job scheduled (daily at midnight).
[2026-03-21 00:00:23] [32minfo[39m: Server running on port 5000
[2026-03-21 00:00:23] [32minfo[39m: MongoDB connected: 127.0.0.1
[2026-03-21 00:03:28] [32minfo[39m: User logged in: operator@test.com
[2026-03-21 00:03:39] [32minfo[39m: Session created: 69bd9303f816f615271c0fdf | Batch: TWILIO-TEST | Operator: operator@test.com
[2026-03-21 00:06:09] [31merror[39m: Multipart: Boundary not found — POST /api/video/upload/69bd9303f816f615271c0fdf
[2026-03-21 00:11:11] [32minfo[39m: User logged in: operator@test.com
[2026-03-21 00:19:45] [32minfo[39m: Video uploaded for session 69bd9303f816f615271c0fdf: ..\data\videos\1774032585305-69bd5577997a38370663c05c.mp4
[2026-03-21 00:25:15] [32minfo[39m: Cron: Video cleanup job scheduled (daily at midnight).
[2026-03-21 00:25:15] [32minfo[39m: Server running on port 5000
[2026-03-21 00:25:15] [32minfo[39m: MongoDB connected: 127.0.0.1
[2026-03-21 00:25:22] [32minfo[39m: Video uploaded for session 69bd9303f816f615271c0fdf: ..\data\videos\1774032922794-69bd5577997a38370663c05c.mp4
[2026-03-21 00:25:22] [31merror[39m: sendSMS is not defined — POST /api/video/upload/69bd9303f816f615271c0fdf
[2026-03-21 00:25:43] [32minfo[39m: Cron: Video cleanup job scheduled (daily at midnight).
[2026-03-21 00:25:43] [32minfo[39m: Server running on port 5000
[2026-03-21 00:25:43] [32minfo[39m: MongoDB connected: 127.0.0.1
[2026-03-21 00:25:51] [32minfo[39m: Video uploaded for session 69bd9303f816f615271c0fdf: ..\data\videos\1774032951154-69bd5577997a38370663c05c.mp4
[2026-03-21 00:25:51] [31merror[39m: sendSMS is not defined — POST /api/video/upload/69bd9303f816f615271c0fdf
[2026-03-21 00:26:55] [32minfo[39m: Cron: Video cleanup job scheduled (daily at midnight).
[2026-03-21 00:26:55] [32minfo[39m: Server running on port 5000
[2026-03-21 00:26:55] [32minfo[39m: MongoDB connected: 127.0.0.1
[2026-03-21 00:27:02] [32minfo[39m: Video uploaded for session 69bd9303f816f615271c0fdf: ..\data\videos\1774033022367-69bd5577997a38370663c05c.mp4
[2026-03-21 00:27:02] [31merror[39m: sendSMS is not a function — POST /api/video/upload/69bd9303f816f615271c0fdf
[2026-03-21 00:28:25] [32minfo[39m: Cron: Video cleanup job scheduled (daily at midnight).
[2026-03-21 00:28:25] [32minfo[39m: Server running on port 5000
[2026-03-21 00:28:25] [32minfo[39m: MongoDB connected: 127.0.0.1
[2026-03-21 00:28:30] [32minfo[39m: Cron: Video cleanup job scheduled (daily at midnight).
[2026-03-21 00:28:30] [32minfo[39m: Server running on port 5000
[2026-03-21 00:28:30] [32minfo[39m: MongoDB connected: 127.0.0.1
[2026-03-21 00:28:49] [32minfo[39m: Cron: Video cleanup job scheduled (daily at midnight).
[2026-03-21 00:28:49] [32minfo[39m: Server running on port 5000
[2026-03-21 00:28:49] [32minfo[39m: MongoDB connected: 127.0.0.1
[2026-03-21 00:29:10] [32minfo[39m: Cron: Video cleanup job scheduled (daily at midnight).
[2026-03-21 00:29:10] [32minfo[39m: Server running on port 5000
[2026-03-21 00:29:10] [32minfo[39m: MongoDB connected: 127.0.0.1
[2026-03-21 00:29:18] [32minfo[39m: Video uploaded for session 69bd9303f816f615271c0fdf: ..\data\videos\1774033158495-69bd5577997a38370663c05c.mp4
[2026-03-21 00:34:07] [32minfo[39m: Cron: Video cleanup job scheduled (daily at midnight).
[2026-03-21 00:34:07] [32minfo[39m: Server running on port 5000
[2026-03-21 00:34:07] [32minfo[39m: MongoDB connected: 127.0.0.1
[2026-03-21 00:34:54] [32minfo[39m: Video uploaded for session 69bd9303f816f615271c0fdf: ..\data\videos\1774033493944-69bd5577997a38370663c05c.mp4
[2026-03-21 00:35:33] [32minfo[39m: Cron: Video cleanup job scheduled (daily at midnight).
[2026-03-21 00:35:33] [32minfo[39m: Server running on port 5000
[2026-03-21 00:35:33] [32minfo[39m: MongoDB connected: 127.0.0.1
[2026-03-21 00:35:42] [32minfo[39m: Cron: Video cleanup job scheduled (daily at midnight).
[2026-03-21 00:35:42] [32minfo[39m: Server running on port 5000
[2026-03-21 00:35:42] [32minfo[39m: MongoDB connected: 127.0.0.1
[2026-03-21 00:35:45] [32minfo[39m: Cron: Video cleanup job scheduled (daily at midnight).
[2026-03-21 00:35:45] [32minfo[39m: Server running on port 5000
[2026-03-21 00:35:45] [32minfo[39m: MongoDB connected: 127.0.0.1
[2026-03-21 00:35:51] [32minfo[39m: Video uploaded for session 69bd9303f816f615271c0fdf: ..\data\videos\1774033551140-69bd5577997a38370663c05c.mp4
[2026-03-21 00:37:13] [32minfo[39m: Cron: Video cleanup job scheduled (daily at midnight).
[2026-03-21 00:37:13] [32minfo[39m: Server running on port 5000
[2026-03-21 00:37:13] [32minfo[39m: MongoDB connected: 127.0.0.1
[2026-03-21 00:37:36] [32minfo[39m: Video uploaded for session 69bd9303f816f615271c0fdf: ..\data\videos\1774033656493-69bd5577997a38370663c05c.mp4
[2026-03-21 00:38:08] [32minfo[39m: Cron: Video cleanup job scheduled (daily at midnight).
[2026-03-21 00:38:08] [32minfo[39m: Server running on port 5000
[2026-03-21 00:38:08] [32minfo[39m: MongoDB connected: 127.0.0.1
[2026-03-21 00:38:15] [32minfo[39m: Cron: Video cleanup job scheduled (daily at midnight).
[2026-03-21 00:38:15] [32minfo[39m: Server running on port 5000
[2026-03-21 00:38:15] [32minfo[39m: MongoDB connected: 127.0.0.1
[2026-03-21 00:38:32] [32minfo[39m: Cron: Video cleanup job scheduled (daily at midnight).
[2026-03-21 00:38:32] [32minfo[39m: Server running on port 5000
[2026-03-21 00:38:32] [32minfo[39m: MongoDB connected: 127.0.0.1
[2026-03-21 00:38:35] [32minfo[39m: Video uploaded for session 69bd9303f816f615271c0fdf: ..\data\videos\1774033715146-69bd5577997a38370663c05c.mp4
[2026-03-21 00:41:14] [32minfo[39m: Cron: Video cleanup job scheduled (daily at midnight).
[2026-03-21 00:41:14] [32minfo[39m: Server running on port 5000
[2026-03-21 00:41:14] [32minfo[39m: MongoDB connected: 127.0.0.1
[2026-03-21 00:41:55] [32minfo[39m: Cron: Video cleanup job scheduled (daily at midnight).
[2026-03-21 00:41:55] [32minfo[39m: Server running on port 5000
[2026-03-21 00:41:55] [32minfo[39m: MongoDB connected: 127.0.0.1
[2026-03-21 00:42:32] [32minfo[39m: Cron: Video cleanup job scheduled (daily at midnight).
[2026-03-21 00:42:32] [32minfo[39m: Server running on port 5000
[2026-03-21 00:42:32] [32minfo[39m: MongoDB connected: 127.0.0.1
[2026-03-21 00:42:41] [32minfo[39m: Video uploaded for session 69bd9303f816f615271c0fdf: ..\data\videos\1774033961756-69bd5577997a38370663c05c.mp4
[2026-03-21 00:42:43] [32minfo[39m: SMS sent: SM96d060d2a8c2e1c0a928c98bd95de1be
[2026-03-21 00:42:43] [32minfo[39m: Call initiated: CAd224b016e113581ca2c009c4209e80c4
[2026-03-21 01:18:11] [32minfo[39m: Cron: Video cleanup job scheduled (daily at midnight).
[2026-03-21 01:18:11] [32minfo[39m: Server running on port 5000
[2026-03-21 01:18:11] [32minfo[39m: MongoDB connected: 127.0.0.1
[2026-03-21 01:20:05] [31merror[39m: Auth middleware error: jwt malformed
[2026-03-21 01:20:31] [31merror[39m: Auth middleware error: jwt malformed
[2026-03-21 01:20:37] [31merror[39m: Auth middleware error: jwt malformed
[2026-03-21 01:20:37] [31merror[39m: Auth middleware error: jwt malformed
[2026-03-21 01:20:45] [31merror[39m: Auth middleware error: jwt malformed
[2026-03-21 01:20:45] [31merror[39m: Auth middleware error: jwt malformed
[2026-03-21 01:21:37] [32minfo[39m: Cron: Video cleanup job scheduled (daily at midnight).
[2026-03-21 01:21:37] [32minfo[39m: Server running on port 5000
[2026-03-21 01:21:37] [32minfo[39m: MongoDB connected: 127.0.0.1
[2026-03-21 01:21:45] [32minfo[39m: Cron: Video cleanup job scheduled (daily at midnight).
[2026-03-21 01:21:45] [32minfo[39m: Server running on port 5000
[2026-03-21 01:21:45] [32minfo[39m: MongoDB connected: 127.0.0.1
[2026-03-21 01:21:49] [32minfo[39m: Cron: Video cleanup job scheduled (daily at midnight).
[2026-03-21 01:21:49] [32minfo[39m: Server running on port 5000
[2026-03-21 01:21:49] [32minfo[39m: MongoDB connected: 127.0.0.1
[2026-03-21 01:22:03] [32minfo[39m: Cron: Video cleanup job scheduled (daily at midnight).
[2026-03-21 01:22:03] [32minfo[39m: Server running on port 5000
[2026-03-21 01:22:03] [32minfo[39m: MongoDB connected: 127.0.0.1
[2026-03-21 01:22:05] [32minfo[39m: Cron: Video cleanup job scheduled (daily at midnight).
[2026-03-21 01:22:05] [32minfo[39m: Server running on port 5000
[2026-03-21 01:22:05] [32minfo[39m: MongoDB connected: 127.0.0.1
[2026-03-21 01:24:35] [32minfo[39m: Cron: Video cleanup job scheduled (daily at midnight).
[2026-03-21 01:24:35] [32minfo[39m: Server running on port 3000
[2026-03-21 01:24:35] [32minfo[39m: MongoDB connected: 127.0.0.1
[2026-03-21 01:25:36] [32minfo[39m: Cron: Video cleanup job scheduled (daily at midnight).
[2026-03-21 01:25:36] [32minfo[39m: Server running on port 5000
[2026-03-21 01:25:36] [32minfo[39m: MongoDB connected: 127.0.0.1
[2026-03-21 01:27:27] [32minfo[39m: Cron: Video cleanup job scheduled (daily at midnight).
[2026-03-21 01:27:27] [32minfo[39m: Server running on port 5000
[2026-03-21 01:27:27] [32minfo[39m: MongoDB connected: 127.0.0.1
[2026-03-21 01:27:58] [31merror[39m: Auth middleware error: jwt malformed
[2026-03-21 01:28:03] [31merror[39m: Auth middleware error: jwt malformed
[2026-03-21 01:28:03] [31merror[39m: Auth middleware error: jwt malformed
[2026-03-21 01:28:26] [31merror[39m: Auth middleware error: jwt malformed
[2026-03-21 01:37:12] [31merror[39m: Auth middleware error: jwt malformed
[2026-03-21 01:37:12] [31merror[39m: Auth middleware error: jwt malformed
[2026-03-21 01:38:08] [31merror[39m: Auth middleware error: jwt malformed
[2026-03-21 01:38:08] [31merror[39m: Auth middleware error: jwt malformed
[2026-03-21 01:38:10] [31merror[39m: Auth middleware error: jwt malformed
[2026-03-21 01:38:10] [31merror[39m: Auth middleware error: jwt malformed
[2026-03-21 01:38:11] [31merror[39m: Auth middleware error: jwt malformed
[2026-03-21 01:38:11] [31merror[39m: Auth middleware error: jwt malformed
[2026-03-21 01:38:12] [31merror[39m: Auth middleware error: jwt malformed
[2026-03-21 01:38:12] [31merror[39m: Auth middleware error: jwt malformed
[2026-03-21 01:38:13] [31merror[39m: Auth middleware error: jwt malformed
[2026-03-21 01:38:13] [31merror[39m: Auth middleware error: jwt malformed
[2026-03-21 01:38:14] [31merror[39m: Auth middleware error: jwt malformed
[2026-03-21 01:38:14] [31merror[39m: Auth middleware error: jwt malformed
[2026-03-21 01:38:15] [31merror[39m: Auth middleware error: jwt malformed
[2026-03-21 01:38:15] [31merror[39m: Auth middleware error: jwt malformed
[2026-03-21 01:41:37] [31merror[39m: Auth middleware error: jwt malformed
[2026-03-21 01:41:37] [31merror[39m: Auth middleware error: jwt malformed
[2026-03-21 01:42:00] [31merror[39m: Auth middleware error: jwt malformed
[2026-03-21 01:42:00] [31merror[39m: Auth middleware error: jwt malformed
[2026-03-21 01:42:03] [31merror[39m: Auth middleware error: jwt malformed
[2026-03-21 01:42:03] [31merror[39m: Auth middleware error: jwt malformed
[2026-03-21 01:42:08] [31merror[39m: Auth middleware error: jwt malformed
[2026-03-21 01:42:08] [31merror[39m: Auth middleware error: jwt malformed
[2026-03-21 01:43:59] [31merror[39m: Auth middleware error: jwt malformed
[2026-03-21 01:43:59] [31merror[39m: Auth middleware error: jwt malformed
[2026-03-21 01:44:44] [31merror[39m: Auth middleware error: jwt malformed
[2026-03-21 01:44:44] [31merror[39m: Auth middleware error: jwt malformed
[2026-03-21 01:44:45] [31merror[39m: Auth middleware error: jwt malformed
[2026-03-21 01:44:45] [31merror[39m: Auth middleware error: jwt malformed
[2026-03-21 01:53:50] [32minfo[39m: Cron: Video cleanup job scheduled (daily at midnight).
[2026-03-21 01:53:50] [32minfo[39m: Server running on port 5000
[2026-03-21 01:53:50] [32minfo[39m: MongoDB connected: 127.0.0.1
[2026-03-21 01:54:03] [32minfo[39m: Cron: Video cleanup job scheduled (daily at midnight).
[2026-03-21 01:54:03] [32minfo[39m: Server running on port 5000
[2026-03-21 01:54:03] [32minfo[39m: MongoDB connected: 127.0.0.1
[2026-03-21 01:54:07] [32minfo[39m: Cron: Video cleanup job scheduled (daily at midnight).
[2026-03-21 01:54:07] [32minfo[39m: Server running on port 5000
[2026-03-21 01:54:07] [32minfo[39m: MongoDB connected: 127.0.0.1
[2026-03-21 01:54:10] [32minfo[39m: Cron: Video cleanup job scheduled (daily at midnight).
[2026-03-21 01:54:10] [32minfo[39m: Server running on port 5000
[2026-03-21 01:54:10] [32minfo[39m: MongoDB connected: 127.0.0.1
[2026-03-21 01:56:07] [32minfo[39m: Cron: Video cleanup job scheduled (daily at midnight).
[2026-03-21 01:56:07] [32minfo[39m: Server running on port 5000
[2026-03-21 01:56:07] [32minfo[39m: MongoDB connected: 127.0.0.1
[2026-03-21 01:58:12] [32minfo[39m: Cron: Video cleanup job scheduled (daily at midnight).
[2026-03-21 01:58:12] [32minfo[39m: Server running on port 5000
[2026-03-21 01:58:12] [32minfo[39m: MongoDB connected: 127.0.0.1
[2026-03-21 01:58:20] [32minfo[39m: Cron: Video cleanup job scheduled (daily at midnight).
[2026-03-21 01:58:20] [32minfo[39m: Server running on port 5000
[2026-03-21 01:58:20] [32minfo[39m: MongoDB connected: 127.0.0.1
[2026-03-21 01:58:47] [32minfo[39m: Cron: Video cleanup job scheduled (daily at midnight).
[2026-03-21 01:58:47] [32minfo[39m: Server running on port 5000
[2026-03-21 01:58:47] [32minfo[39m: MongoDB connected: 127.0.0.1
[2026-03-21 02:01:30] [32minfo[39m: Connected to MongoDB
[2026-03-21 02:01:30] [32minfo[39m: ✓ Created user: operator@boxtrack.internal (operator)
[2026-03-21 02:01:31] [32minfo[39m: ✓ Created user: manager@boxtrack.internal (manager)
[2026-03-21 02:01:31] [32minfo[39m: ✓ Created user: admin@boxtrack.internal (admin)
[2026-03-21 02:01:35] [32minfo[39m: Cron: Video cleanup job scheduled (daily at midnight).
[2026-03-21 02:01:35] [32minfo[39m: Server running on port 5000
[2026-03-21 02:01:35] [32minfo[39m: MongoDB connected: 127.0.0.1
[2026-03-21 02:01:42] [32minfo[39m: User logged in: manager@boxtrack.internal
[2026-03-21 02:01:54] [32minfo[39m: Session created: 69bdaeba195de21aabf8fb00 | Batch: batch-1774038713992 | Operator: manager@boxtrack.internal
[2026-03-21 02:01:55] [32minfo[39m: Video uploaded for session 69bdaeba195de21aabf8fb00: ..\data\videos\1774038714104-69bdaea2e4af393df2242fd3.mp4
[2026-03-21 02:01:55] [32minfo[39m: Spawning AI process: python C:\dev\projects\AgniSight-AI\ai\main.py --video C:\dev\projects\AgniSight-AI\data\videos\1774038714104-69bdaea2e4af393df2242fd3.mp4 --session_id 69bdaeba195de21aabf8fb00 --conf 0.5 --iou 0.45 --snapshot_dir C:\dev\projects\AgniSight-AI\data\snapshots --output_dir C:\dev\projects\AgniSight-AI\data\outputs
[2026-03-21 02:01:56] [32minfo[39m: Socket connected: AkLbIIAxXy2spR29AAAB
[2026-03-21 02:01:56] [32minfo[39m: Socket AkLbIIAxXy2spR29AAAB joined session room: 69bdaeba195de21aabf8fb00
[2026-03-21 02:01:56] [31merror[39m: AI stderr: Traceback (most recent call last):

[2026-03-21 02:01:56] [31merror[39m: AI stderr:   File "C:\dev\projects\AgniSight-AI\ai\main.py", line 1, in <module>
    import cv2

[2026-03-21 02:01:56] [31merror[39m: AI stderr: ModuleNotFoundError: No module named 'cv2'

[2026-03-21 02:01:56] [31merror[39m: AI process crashed with code 1 for session 69bdaeba195de21aabf8fb00
[2026-03-21 02:01:56] [31merror[39m: Background AI error for session 69bdaeba195de21aabf8fb00: AI process exited with code 1
[2026-03-21 02:01:57] [32minfo[39m: SMS sent: SMaeadff9e1bc3bf5e827b56ad0fb5c2ea
[2026-03-21 02:01:57] [32minfo[39m: Call initiated: CAd682607ce7874bd8630c3db2b3af8c5e
[2026-03-21 02:02:48] [32minfo[39m: Socket disconnected: AkLbIIAxXy2spR29AAAB
[2026-03-21 02:13:26] [32minfo[39m: Cron: Video cleanup job scheduled (daily at midnight).
[2026-03-21 02:13:26] [32minfo[39m: Server running on port 5000
[2026-03-21 02:13:26] [32minfo[39m: MongoDB connected: 127.0.0.1
[2026-03-21 02:13:56] [32minfo[39m: Cron: Video cleanup job scheduled (daily at midnight).
[2026-03-21 02:13:56] [32minfo[39m: Server running on port 5000
[2026-03-21 02:13:56] [32minfo[39m: MongoDB connected: 127.0.0.1
[2026-03-21 02:14:17] [32minfo[39m: User logged in: manager@boxtrack.internal
[2026-03-21 02:14:27] [32minfo[39m: Session created: 69bdb1ab985498792aa64ff5 | Batch: BATCH-1774039467842 | Operator: manager@boxtrack.internal
[2026-03-21 02:14:29] [32minfo[39m: Video uploaded for session 69bdb1ab985498792aa64ff5: ..\data\videos\1774039467949-69bdaea2e4af393df2242fd3.mp4
[2026-03-21 02:14:29] [32minfo[39m: Spawning AI process: python C:\dev\projects\AgniSight-AI\ai\main.py --video C:\dev\projects\AgniSight-AI\data\videos\1774039467949-69bdaea2e4af393df2242fd3.mp4 --session_id 69bdb1ab985498792aa64ff5 --conf 0.5 --iou 0.45 --snapshot_dir C:\dev\projects\AgniSight-AI\data\snapshots --output_dir C:\dev\projects\AgniSight-AI\data\outputs
[2026-03-21 02:14:29] [32minfo[39m: Socket connected: Oa6W-Ht_TxmTK4epAAAB
[2026-03-21 02:14:29] [32minfo[39m: Socket Oa6W-Ht_TxmTK4epAAAB joined session room: 69bdb1ab985498792aa64ff5
[2026-03-21 02:14:29] [31merror[39m: AI stderr: Traceback (most recent call last):

[2026-03-21 02:14:29] [31merror[39m: AI stderr:   File "C:\dev\projects\AgniSight-AI\ai\main.py", line 1, in <module>
    import cv2
ModuleNotFoundError: No module named 'cv2'

[2026-03-21 02:14:29] [31merror[39m: AI process crashed with code 1 for session 69bdb1ab985498792aa64ff5
[2026-03-21 02:14:29] [31merror[39m: Background AI error for session 69bdb1ab985498792aa64ff5: AI process exited with code 1
[2026-03-21 02:14:29] [32minfo[39m: Socket disconnected: Oa6W-Ht_TxmTK4epAAAB
[2026-03-21 02:14:30] [32minfo[39m: SMS sent: SM3b0cc8b8f73bd43eec52f5c93ebd5c8e
[2026-03-21 02:14:30] [32minfo[39m: Call initiated: CA20cd9a2f9a54d3849d5022254c2cfce6
[2026-03-21 02:14:41] [32minfo[39m: Session created: 69bdb1b9985498792aa64fff | Batch: BATCH-1774039481537 | Operator: manager@boxtrack.internal
[2026-03-21 02:14:42] [32minfo[39m: Video uploaded for session 69bdb1b9985498792aa64fff: ..\data\videos\1774039481614-69bdaea2e4af393df2242fd3.mp4
[2026-03-21 02:14:42] [32minfo[39m: Spawning AI process: python C:\dev\projects\AgniSight-AI\ai\main.py --video C:\dev\projects\AgniSight-AI\data\videos\1774039481614-69bdaea2e4af393df2242fd3.mp4 --session_id 69bdb1b9985498792aa64fff --conf 0.5 --iou 0.45 --snapshot_dir C:\dev\projects\AgniSight-AI\data\snapshots --output_dir C:\dev\projects\AgniSight-AI\data\outputs
[2026-03-21 02:14:42] [32minfo[39m: Socket connected: hgfJBAzVca4SfNqjAAAD
[2026-03-21 02:14:42] [32minfo[39m: Socket hgfJBAzVca4SfNqjAAAD joined session room: 69bdb1b9985498792aa64fff
[2026-03-21 02:14:42] [31merror[39m: AI stderr: Traceback (most recent call last):

[2026-03-21 02:14:42] [31merror[39m: AI stderr:   File "C:\dev\projects\AgniSight-AI\ai\main.py", line 1, in <module>
    import cv2
ModuleNotFoundError: No module named 'cv2'

[2026-03-21 02:14:42] [31merror[39m: AI process crashed with code 1 for session 69bdb1b9985498792aa64fff
[2026-03-21 02:14:42] [31merror[39m: Background AI error for session 69bdb1b9985498792aa64fff: AI process exited with code 1
[2026-03-21 02:14:42] [32minfo[39m: Socket disconnected: hgfJBAzVca4SfNqjAAAD
[2026-03-21 02:14:42] [32minfo[39m: SMS sent: SM9fb8b5cf8e0f914786906487335a084d
[2026-03-21 02:14:42] [32minfo[39m: Call initiated: CAd163a5347e4dab06b3263dd65376af46
[2026-03-21 02:25:36] [32minfo[39m: Cron: Video cleanup job scheduled (daily at midnight).
[2026-03-21 02:25:36] [32minfo[39m: Server running on port 5000
[2026-03-21 02:25:36] [32minfo[39m: MongoDB connected: 127.0.0.1
[2026-03-21 02:26:04] [32minfo[39m: Session created: 69bdb464c3c5ed79649f884e | Batch: BATCH-1774040164568 | Operator: manager@boxtrack.internal
[2026-03-21 02:26:06] [32minfo[39m: Video uploaded for session 69bdb464c3c5ed79649f884e: ..\data\videos\1774040164793-69bdaea2e4af393df2242fd3.mp4
[2026-03-21 02:26:06] [32minfo[39m: Spawning AI process: C:\dev\projects\AgniSight-AI\ai\venv\Scripts\python.exe C:\dev\projects\AgniSight-AI\ai\main.py --video C:\dev\projects\AgniSight-AI\data\videos\1774040164793-69bdaea2e4af393df2242fd3.mp4 --session_id 69bdb464c3c5ed79649f884e --conf 0.5 --iou 0.45 --snapshot_dir C:\dev\projects\AgniSight-AI\data\snapshots --output_dir C:\dev\projects\AgniSight-AI\data\outputs
[2026-03-21 02:26:06] [32minfo[39m: Socket connected: bM6Q_GBmcx8gu6BpAAAB
[2026-03-21 02:26:06] [32minfo[39m: Socket bM6Q_GBmcx8gu6BpAAAB joined session room: 69bdb464c3c5ed79649f884e
[2026-03-21 02:26:07] [32minfo[39m: SMS sent: SMe538185b9a1fee9eaf70f24b17f0202f
[2026-03-21 02:26:07] [32minfo[39m: Call initiated: CA31780198fc05ea6e815e78ce54fa8a01
[2026-03-21 02:26:21] [32minfo[39m: Session stopped: 69bdb464c3c5ed79649f884e | Final count: 0
[2026-03-21 02:26:21] [32minfo[39m: Socket bM6Q_GBmcx8gu6BpAAAB left session room: 69bdb464c3c5ed79649f884e
[2026-03-21 02:26:21] [32minfo[39m: Socket disconnected: bM6Q_GBmcx8gu6BpAAAB
[2026-03-21 02:26:34] [31merror[39m: AI stderr: WARNING  C:\dev\projects\AgniSight-AI\ai\models\box_detection.pt appears to require 'models.yolo', which is not in ultralytics requirements.
AutoInstall will run now for 'models.yolo' but this feature will be removed in the future.
Recommend fixes are to train a new model using the latest 'ultralytics' package or to run a command with an official YOLOv8 model, i.e. 'yolo predict model=yolov8n.pt'

[2026-03-21 02:26:34] [31merror[39m: AI stderr: [31m[1mrequirements:[0m Ultralytics requirement ['models.yolo'] not found, attempting AutoUpdate...

[2026-03-21 02:26:40] [32minfo[39m: Cron: Video cleanup job scheduled (daily at midnight).
[2026-03-21 02:26:40] [32minfo[39m: Server running on port 5000
[2026-03-21 02:26:40] [32minfo[39m: MongoDB connected: 127.0.0.1
[2026-03-21 02:26:45] [32minfo[39m: User logged in: manager@boxtrack.internal
[2026-03-21 02:26:55] [32minfo[39m: Session created: 69bdb497f8c0187b548d8e4f | Batch: BATCH-1774040215528 | Operator: manager@boxtrack.internal
[2026-03-21 02:26:56] [32minfo[39m: Video uploaded for session 69bdb497f8c0187b548d8e4f: ..\data\videos\1774040215631-69bdaea2e4af393df2242fd3.mp4
[2026-03-21 02:26:56] [32minfo[39m: Spawning AI process: C:\dev\projects\AgniSight-AI\ai\venv\Scripts\python.exe C:\dev\projects\AgniSight-AI\ai\main.py --video C:\dev\projects\AgniSight-AI\data\videos\1774040215631-69bdaea2e4af393df2242fd3.mp4 --session_id 69bdb497f8c0187b548d8e4f --conf 0.5 --iou 0.45 --snapshot_dir C:\dev\projects\AgniSight-AI\data\snapshots --output_dir C:\dev\projects\AgniSight-AI\data\outputs
[2026-03-21 02:26:56] [32minfo[39m: Socket connected: ZrDmMgNEDOxSl1NyAAAB
[2026-03-21 02:26:56] [32minfo[39m: Socket ZrDmMgNEDOxSl1NyAAAB joined session room: 69bdb497f8c0187b548d8e4f
[2026-03-21 02:26:57] [32minfo[39m: SMS sent: SM7684a48e8527058cbbc274f0241744e1
[2026-03-21 02:26:58] [32minfo[39m: Call initiated: CAce06c44cb077f7413db9d646f2389b85
[2026-03-21 02:27:01] [31merror[39m: AI stderr: WARNING  C:\dev\projects\AgniSight-AI\ai\models\box_detection.pt appears to require 'models.yolo', which is not in ultralytics requirements.
AutoInstall will run now for 'models.yolo' but this feature will be removed in the future.
Recommend fixes are to train a new model using the latest 'ultralytics' package or to run a command with an official YOLOv8 model, i.e. 'yolo predict model=yolov8n.pt'

[2026-03-21 02:27:01] [31merror[39m: AI stderr: [31m[1mrequirements:[0m Ultralytics requirement ['models.yolo'] not found, attempting AutoUpdate...

[2026-03-21 02:27:04] [31merror[39m: AI stderr: ERROR: Could not find a version that satisfies the requirement models.yolo (from versions: none)

[2026-03-21 02:27:05] [31merror[39m: AI stderr: 
[notice] A new release of pip is available: 25.3 -> 26.0.1
[
[2026-03-21 02:27:05] [31merror[39m: AI stderr: notice] To update, run: python.exe -m pip install --upgrade pip

[2026-03-21 02:27:05] [31merror[39m: AI stderr: ERROR: No matching distribution found for models.yolo

[2026-03-21 02:27:05] [31merror[39m: AI stderr: [31m[1mrequirements:[0m  Command 'pip install --no-cache "models.yolo" ' returned non-zero exit status 1.

[2026-03-21 02:27:05] [31merror[39m: AI stderr: [ERROR] Failed to load YOLO model: No module named 'models.yolo'

[2026-03-21 02:27:05] [31merror[39m: AI stderr: Traceback (most recent call last):
  File "C:\dev\projects\AgniSight-AI\ai\venv\lib\site-packages\ultralytics\nn\tasks.py", line 567, in torch_safe_load

[2026-03-21 02:27:05] [31merror[39m: AI stderr:     return torch.load(file, map_location='cpu'), file  # load
  File "C:\dev\projects\AgniSight-AI\ai\detector.py", line 10, in _patched_torch_load

[2026-03-21 02:27:05] [31merror[39m: AI stderr:     return _original_torch_load(f, *args, **kwargs)
  File "C:\dev\projects\AgniSight-AI\ai\venv\lib\site-packages\torch\serialization.py", line 1549, in load

[2026-03-21 02:27:05] [31merror[39m: AI stderr:     return _load(
  File "C:\dev\projects\AgniSight-AI\ai\venv\lib\site-packages\torch\serialization.py", line 2143, in _load

[2026-03-21 02:27:05] [31merror[39m: AI stderr:     result = unpickler.load()
  File "C:\dev\projects\AgniSight-AI\ai\venv\lib\site-packages\torch\serialization.py", line 2132, in find_class
    return super().find_class(mod_name, name)
ModuleNotFoundError: No module named 'models.yolo'

[2026-03-21 02:27:05] [31merror[39m: AI stderr: 
During handling of the above exception, another exception occurred:

Traceback (most recent call last):
  File "C:\dev\projects\AgniSight-AI\ai\main.py", line 123, in <module>
    main()
  File "C:\dev\projects\AgniSight-AI\ai\main.py", line 27, in main

[2026-03-21 02:27:05] [31merror[39m: AI stderr:     detector = BoxDetector(cfg.model, conf=cfg.conf, iou=cfg.iou, device=cfg.device)
  File "C:\dev\projects\AgniSight-AI\ai\detector.py", line 20, in __init__
    self.model  = YOLO(model_path)
  File "C:\dev\projects\AgniSight-AI\ai\venv\lib\site-packages\ultralytics\engine\model.py", line 97, in __init__

[2026-03-21 02:27:05] [31merror[39m: AI stderr:     self._load(model, task)
  File "C:\dev\projects\AgniSight-AI\ai\venv\lib\site-packages\ultralytics\engine\model.py", line 149, in _load

[2026-03-21 02:27:05] [31merror[39m: AI stderr:     self.model, self.ckpt = attempt_load_one_weight(weights)
  File "C:\dev\projects\AgniSight-AI\ai\venv\lib\site-packages\ultralytics\nn\tasks.py", line 628, in attempt_load_one_weight
    ckpt, weight = torch_safe_load(weight)  # load ckpt
  File "C:\dev\projects\AgniSight-AI\ai\venv\lib\site-packages\ultralytics\nn\tasks.py", line 583, in torch_safe_load
    return torch.load(file, map_location='cpu'), file  # load
  File "C:\dev\projects\AgniSight-AI\ai\detector.py", line 10, in _patched_torch_load
    return _original_torch_load(f, *args, **kwargs)
  File "C:\dev\projects\AgniSight-AI\ai\venv\lib\site-packages\torch\serialization.py", line 1549, in load
    return _load(
  File "C:\dev\projects\AgniSight-AI\ai\venv\lib\site-packages\torch\serialization.py", line 2143, in _load

[2026-03-21 02:27:05] [31merror[39m: AI stderr:     result = unpickler.load()
  File "C:\dev\projects\AgniSight-AI\ai\venv\lib\site-packages\torch\serialization.py", line 2132, in find_class

[2026-03-21 02:27:05] [31merror[39m: AI stderr:     return super().find_class(mod_name, name)
ModuleNotFoundError: No module named 'models.yolo'

[2026-03-21 02:27:06] [31merror[39m: AI process crashed with code 1 for session 69bdb497f8c0187b548d8e4f
[2026-03-21 02:27:06] [31merror[39m: Background AI error for session 69bdb497f8c0187b548d8e4f: AI process exited with code 1
[2026-03-21 02:27:06] [32minfo[39m: Socket disconnected: ZrDmMgNEDOxSl1NyAAAB
[2026-03-21 02:27:16] [32minfo[39m: Session created: 69bdb4acf8c0187b548d8e59 | Batch: BATCH-1774040236680 | Operator: manager@boxtrack.internal
[2026-03-21 02:27:17] [32minfo[39m: Video uploaded for session 69bdb4acf8c0187b548d8e59: ..\data\videos\1774040236762-69bdaea2e4af393df2242fd3.mp4
[2026-03-21 02:27:17] [32minfo[39m: Spawning AI process: C:\dev\projects\AgniSight-AI\ai\venv\Scripts\python.exe C:\dev\projects\AgniSight-AI\ai\main.py --video C:\dev\projects\AgniSight-AI\data\videos\1774040236762-69bdaea2e4af393df2242fd3.mp4 --session_id 69bdb4acf8c0187b548d8e59 --conf 0.5 --iou 0.45 --snapshot_dir C:\dev\projects\AgniSight-AI\data\snapshots --output_dir C:\dev\projects\AgniSight-AI\data\outputs
[2026-03-21 02:27:17] [32minfo[39m: Socket connected: o1Xg8g0SPoINzlt-AAAD
[2026-03-21 02:27:17] [32minfo[39m: Socket o1Xg8g0SPoINzlt-AAAD joined session room: 69bdb4acf8c0187b548d8e59
[2026-03-21 02:27:18] [32minfo[39m: SMS sent: SM7644bc9b60fc4045b8fea272aca6834f
[2026-03-21 02:27:18] [32minfo[39m: Call initiated: CA9eaff90c9d93a7b8951ff317e11842fd
[2026-03-21 02:27:21] [32minfo[39m: Socket disconnected: o1Xg8g0SPoINzlt-AAAD
[2026-03-21 02:27:26] [31merror[39m: AI stderr: WARNING  C:\dev\projects\AgniSight-AI\ai\models\box_detection.pt appears to require 'models.yolo', which is not in ultralytics requirements.
AutoInstall will run now for 'models.yolo' but this feature will be removed in the future.
Recommend fixes are to train a new model using the latest 'ultralytics' package or to run a command with an official YOLOv8 model, i.e. 'yolo predict model=yolov8n.pt'

[2026-03-21 02:27:26] [31merror[39m: AI stderr: [31m[1mrequirements:[0m Ultralytics requirement ['models.yolo'] not found, attempting AutoUpdate...

[2026-03-21 02:27:28] [31merror[39m: AI stderr: ERROR: Could not find a version that satisfies the requirement models.yolo (from versions: none)
[2026-03-21 02:27:28] [31merror[39m: AI stderr: 

[2026-03-21 02:27:29] [31merror[39m: AI stderr: 
[notice] A new release of pip is available: 25.3 -> 26.0.1
[notice] To update, run: python.exe -m pip install --upgrade pip
ERROR: No matching distribution found for models.yolo

[2026-03-21 02:27:30] [31merror[39m: AI stderr: [31m[1mrequirements:[0m  Command 'pip install --no-cache "models.yolo" ' returned non-zero exit status 1.
[ERROR] Failed to load YOLO model: No module named 'models.yolo'
Traceback (most recent call last):
  File "C:\dev\projects\AgniSight-AI\ai\venv\lib\site-packages\ultralytics\nn\tasks.py", line 567, in torch_safe_load
    return torch.load(file, map_location='cpu'), file  # load
  File "C:\dev\projects\AgniSight-AI\ai\detector.py", line 10, in _patched_torch_load
    return _original_torch_load(f, *args, **kwargs)
  File "C:\dev\projects\AgniSight-AI\ai\venv\lib\site-packages\torch\serialization.py", line 1549, in load
    return _load(
  File "C:\dev\projects\AgniSight-AI\ai\venv\lib\site-packages\torch\serialization.py", line 2143, in _load
    result = unpickler.load()
  File "C:\dev\projects\AgniSight-AI\ai\venv\lib\site-packages\torch\serialization.py", line 2132, in find_class
    return super().find_class(mod_name, name)
ModuleNotFoundError: No module named 'models.yolo'

During handling of the above exception, another exception occurred:

Traceback (most recent call last):
  File "C:\dev\projects\AgniSight-AI\ai\main.py", line 123, in <module>
    main()
  File "C:\dev\projects\AgniSight-AI\ai\main.py", line 27, in main
    detector = BoxDetector(cfg.model, conf=cfg.conf, iou=cfg.iou, device=cfg.device)
  File "C:\dev\projects\AgniSight-AI\ai\detector.py", line 20, in __init__
    self.model  = YOLO(model_path)
  File "C:\dev\projects\AgniSight-AI\ai\venv\lib\site-packages\ultralytics\engine\model.py", line 97, in __init__
    self._load(model, task)
  File "C:\dev\projects\AgniSight-AI\ai\venv\lib\site-packages\ultralytics\engine\model.py", line 149, in _load
    self.model, self.ckpt = attempt_load_one_weight(weights)
  File "C:\dev\projects\AgniSight-AI\ai\venv\lib\site-packages\ultralytics\nn\tasks.py", line 628, in attempt_load_one_weight
    ckpt, weight = torch_safe_load(weight)  # load ckpt
  File "C:\dev\projects\AgniSight-AI\ai\venv\lib\site-packages\ultralytics\nn\tasks.py", line 583, in torch_safe_load
    return torch.load(file, map_location='cpu'), file  # load
  File "C:\dev\projects\AgniSight-AI\ai\detector.py", line 10, in _patched_torch_load
    return _original_torch_load(f, *args, **kwargs)
  File "C:\dev\projects\AgniSight-AI\ai\venv\lib\site-packages\torch\serialization.py", line 1549, in load
    return _load(
  File "C:\dev\projects\AgniSight-AI\ai\venv\lib\site-packages\torch\serialization.py", line 2143, in _load
    result = unpickler.load()
  File "C:\dev\projects\AgniSight-AI\ai\venv\lib\site-packages\torch\serialization.py", line 2132, in find_class
    return super().find_class(mod_name, name)
ModuleNotFoundError: No module named 'models.yolo'

[2026-03-21 02:27:30] [32minfo[39m: User logged in: manager@boxtrack.internal
[2026-03-21 02:27:31] [31merror[39m: AI process crashed with code 1 for session 69bdb4acf8c0187b548d8e59
[2026-03-21 02:27:31] [31merror[39m: Background AI error for session 69bdb4acf8c0187b548d8e59: AI process exited with code 1
[2026-03-21 02:27:54] [32minfo[39m: User logged in: manager@boxtrack.internal
[2026-03-21 02:28:07] [32minfo[39m: Session created: 69bdb4dff8c0187b548d8e67 | Batch: BATCH-1774040287688 | Operator: manager@boxtrack.internal
[2026-03-21 02:28:08] [32minfo[39m: Video uploaded for session 69bdb4dff8c0187b548d8e67: ..\data\videos\1774040287765-69bdaea2e4af393df2242fd3.mp4
[2026-03-21 02:28:08] [32minfo[39m: Spawning AI process: C:\dev\projects\AgniSight-AI\ai\venv\Scripts\python.exe C:\dev\projects\AgniSight-AI\ai\main.py --video C:\dev\projects\AgniSight-AI\data\videos\1774040287765-69bdaea2e4af393df2242fd3.mp4 --session_id 69bdb4dff8c0187b548d8e67 --conf 0.5 --iou 0.45 --snapshot_dir C:\dev\projects\AgniSight-AI\data\snapshots --output_dir C:\dev\projects\AgniSight-AI\data\outputs
[2026-03-21 02:28:08] [32minfo[39m: Socket connected: vCUmV6BndajiE8M2AAAF
[2026-03-21 02:28:08] [32minfo[39m: Socket vCUmV6BndajiE8M2AAAF joined session room: 69bdb4dff8c0187b548d8e67
[2026-03-21 02:28:08] [32minfo[39m: SMS sent: SM3b6508476810987de0df222687d1acd1
[2026-03-21 02:28:09] [32minfo[39m: Call initiated: CA7ba6cabd63f47e7a21d8ca8b5b41075d
[2026-03-21 02:28:15] [31merror[39m: AI stderr: WARNING  C:\dev\projects\AgniSight-AI\ai\models\box_detection.pt appears to require 'models.yolo', which is not in ultralytics requirements.
AutoInstall will run now for 'models.yolo' but this feature will be removed in the future.
Recommend fixes are to train a new model using the latest 'ultralytics' package or to run a command with an official YOLOv8 model, i.e. 'yolo predict model=yolov8n.pt'

[2026-03-21 02:28:15] [31merror[39m: AI stderr: [31m[1mrequirements:[0m Ultralytics requirement ['models.yolo'] not found, attempting AutoUpdate...

[2026-03-21 02:28:16] [31merror[39m: AI stderr: ERROR: Could not find a version that satisfies the requirement models.yolo (from versions: none)

[2026-03-21 02:28:17] [31merror[39m: AI stderr: 
[notice] A new release of pip is available: 25.3 -> 26.0.1
[notice] To update, run: python.exe -m pip install --upgrade pip

[2026-03-21 02:28:17] [31merror[39m: AI stderr: ERROR: No matching distribution found for models.yolo

[2026-03-21 02:28:17] [31merror[39m: AI stderr: [31m[1mrequirements:[0m  Command 'pip install --no-cache "models.yolo" ' returned non-zero exit status 1.

[2026-03-21 02:28:17] [31merror[39m: AI stderr: [ERROR] Failed to load YOLO model: No module named 'models.yolo'

[2026-03-21 02:28:17] [31merror[39m: AI stderr: Traceback (most recent call last):
  File "C:\dev\projects\AgniSight-AI\ai\venv\lib\site-packages\ultralytics\nn\tasks.py", line 567, in torch_safe_load
    return torch.load(file, map_location='cpu'), file  # load
  File "C:\dev\projects\AgniSight-AI\ai\detector.py", line 10, in _patched_torch_load

[2026-03-21 02:28:17] [31merror[39m: AI stderr:     return _original_torch_load(f, *args, **kwargs)
  File "C:\dev\projects\AgniSight-AI\ai\venv\lib\site-packages\torch\serialization.py", line 1549, in load

[2026-03-21 02:28:17] [31merror[39m: AI stderr:     return _load(
  File "C:\dev\projects\AgniSight-AI\ai\venv\lib\site-packages\torch\serialization.py", line 2143, in _load

[2026-03-21 02:28:17] [31merror[39m: AI stderr:     result = unpickler.load()
  File "C:\dev\projects\AgniSight-AI\ai\venv\lib\site-packages\torch\serialization.py", line 2132, in find_class

[2026-03-21 02:28:17] [31merror[39m: AI stderr:     return super().find_class(mod_name, name)
ModuleNotFoundError: No module named 'models.yolo'

[2026-03-21 02:28:17] [31merror[39m: AI stderr: 
During handling of the above exception, another exception occurred:

Traceback (most recent call last):
  File "C:\dev\projects\AgniSight-AI\ai\main.py", line 123, in <module>
    main()
  File "C:\dev\projects\AgniSight-AI\ai\main.py", line 27, in main
    detector = BoxDetector(cfg.model, conf=cfg.conf, iou=cfg.iou, device=cfg.device)
  File "C:\dev\projects\AgniSight-AI\ai\detector.py", line 20, in __init__
    self.model  = YOLO(model_path)
  File "C:\dev\projects\AgniSight-AI\ai\venv\lib\site-packages\ultralytics\engine\model.py", line 97, in __init__

[2026-03-21 02:28:17] [31merror[39m: AI stderr:     self._load(model, task)
  File "C:\dev\projects\AgniSight-AI\ai\venv\lib\site-packages\ultralytics\engine\model.py", line 149, in _load
    self.model, self.ckpt = attempt_load_one_weight(weights)
  File "C:\dev\projects\AgniSight-AI\ai\venv\lib\site-packages\ultralytics\nn\tasks.py", line 628, in attempt_load_one_weight

[2026-03-21 02:28:17] [31merror[39m: AI stderr:     ckpt, weight = torch_safe_load(weight)  # load ckpt
  File "C:\dev\projects\AgniSight-AI\ai\venv\lib\site-packages\ultralytics\nn\tasks.py", line 583, in torch_safe_load
    return torch.load(file, map_location='cpu'), file  # load
  File "C:\dev\projects\AgniSight-AI\ai\detector.py", line 10, in _patched_torch_load
    return _original_torch_load(f, *args, **kwargs)
  File "C:\dev\projects\AgniSight-AI\ai\venv\lib\site-packages\torch\serialization.py", line 1549, in load

[2026-03-21 02:28:17] [31merror[39m: AI stderr:     return _load(
  File "C:\dev\projects\AgniSight-AI\ai\venv\lib\site-packages\torch\serialization.py", line 2143, in _load

[2026-03-21 02:28:17] [31merror[39m: AI stderr:     result = unpickler.load()
  File "C:\dev\projects\AgniSight-AI\ai\venv\lib\site-packages\torch\serialization.py", line 2132, in find_class

[2026-03-21 02:28:17] [31merror[39m: AI stderr:     return super().find_class(mod_name, name)
ModuleNotFoundError: No module named 'models.yolo'

[2026-03-21 02:28:18] [31merror[39m: AI process crashed with code 1 for session 69bdb4dff8c0187b548d8e67
[2026-03-21 02:28:18] [31merror[39m: Background AI error for session 69bdb4dff8c0187b548d8e67: AI process exited with code 1
[2026-03-21 02:28:18] [32minfo[39m: Socket disconnected: vCUmV6BndajiE8M2AAAF
[2026-03-21 02:30:06] [32minfo[39m: Cron: Video cleanup job scheduled (daily at midnight).
[2026-03-21 02:30:06] [32minfo[39m: Server running on port 5000
[2026-03-21 02:30:06] [32minfo[39m: MongoDB connected: 127.0.0.1
[2026-03-21 02:30:12] [32minfo[39m: Cron: Video cleanup job scheduled (daily at midnight).
[2026-03-21 02:30:12] [32minfo[39m: Server running on port 5000
[2026-03-21 02:30:12] [32minfo[39m: MongoDB connected: 127.0.0.1
[2026-03-21 02:34:22] [32minfo[39m: Cron: Video cleanup job scheduled (daily at midnight).
[2026-03-21 02:34:22] [32minfo[39m: Server running on port 5000
[2026-03-21 02:34:22] [32minfo[39m: MongoDB connected: 127.0.0.1
[2026-03-21 02:38:18] [32minfo[39m: Cron: Video cleanup job scheduled (daily at midnight).
[2026-03-21 02:38:18] [32minfo[39m: Server running on port 5000
[2026-03-21 02:38:18] [32minfo[39m: MongoDB connected: 127.0.0.1
[2026-03-21 02:38:32] [32minfo[39m: User logged in: manager@boxtrack.internal
[2026-03-21 02:38:42] [32minfo[39m: Session created: 69bdb75ae64f87657bd760bc | Batch: BATCH-1774040922600 | Operator: manager@boxtrack.internal
[2026-03-21 02:38:43] [32minfo[39m: Video uploaded for session 69bdb75ae64f87657bd760bc: ..\data\videos\1774040922678-69bdaea2e4af393df2242fd3.mp4
[2026-03-21 02:38:44] [32minfo[39m: Video uploaded for session 69bdb75ae64f87657bd760bc: ..\data\videos\1774040923455-69bdaea2e4af393df2242fd3.mp4
[2026-03-21 02:38:44] [32minfo[39m: Spawning AI process: C:\dev\projects\AgniSight-AI\ai\venv\Scripts\python.exe C:\dev\projects\AgniSight-AI\ai\models\yolov8n.pt --video C:\dev\projects\AgniSight-AI\data\videos\1774040923455-69bdaea2e4af393df2242fd3.mp4 --session_id 69bdb75ae64f87657bd760bc --conf 0.5 --iou 0.45 --snapshot_dir C:\dev\projects\AgniSight-AI\data\snapshots --output_dir C:\dev\projects\AgniSight-AI\data\outputs
[2026-03-21 02:38:44] [32minfo[39m: Socket connected: kaN8NGpMTWVCbQD3AAAB
[2026-03-21 02:38:44] [32minfo[39m: Socket kaN8NGpMTWVCbQD3AAAB joined session room: 69bdb75ae64f87657bd760bc
[2026-03-21 02:38:44] [31merror[39m: AI stderr: C:\dev\projects\AgniSight-AI\ai\venv\Scripts\python.exe: can't find '__main__' module in 'C:\\dev\\projects\\AgniSight-AI\\ai\\models\\yolov8n.pt'

[2026-03-21 02:38:44] [31merror[39m: AI process crashed with code 1 for session 69bdb75ae64f87657bd760bc
[2026-03-21 02:38:44] [31merror[39m: Background AI error for session 69bdb75ae64f87657bd760bc: AI process exited with code 1
[2026-03-21 02:38:44] [32minfo[39m: Socket disconnected: kaN8NGpMTWVCbQD3AAAB
[2026-03-21 02:40:48] [32minfo[39m: Cron: Video cleanup job scheduled (daily at midnight).
[2026-03-21 02:40:48] [32minfo[39m: Server running on port 5000
[2026-03-21 02:40:48] [32minfo[39m: MongoDB connected: 127.0.0.1
[2026-03-21 02:41:17] [32minfo[39m: Cron: Video cleanup job scheduled (daily at midnight).
[2026-03-21 02:41:17] [32minfo[39m: Server running on port 5000
[2026-03-21 02:41:17] [32minfo[39m: MongoDB connected: 127.0.0.1
[2026-03-21 02:41:23] [32minfo[39m: Cron: Video cleanup job scheduled (daily at midnight).
[2026-03-21 02:41:23] [32minfo[39m: Server running on port 5000
[2026-03-21 02:41:23] [32minfo[39m: MongoDB connected: 127.0.0.1
[2026-03-21 02:41:34] [32minfo[39m: Session created: 69bdb8069e0c118337306f48 | Batch: BATCH-1774041094040 | Operator: manager@boxtrack.internal
[2026-03-21 02:41:34] [32minfo[39m: Video uploaded for session 69bdb8069e0c118337306f48: ..\data\videos\1774041094218-69bdaea2e4af393df2242fd3.mp4
[2026-03-21 02:41:35] [32minfo[39m: Video uploaded for session 69bdb8069e0c118337306f48: ..\data\videos\1774041094909-69bdaea2e4af393df2242fd3.mp4
[2026-03-21 02:41:35] [32minfo[39m: Spawning AI process: C:\dev\projects\AgniSight-AI\ai\venv\Scripts\python.exe C:\dev\projects\AgniSight-AI\ai\main.py --video C:\dev\projects\AgniSight-AI\data\videos\1774041094909-69bdaea2e4af393df2242fd3.mp4 --session_id 69bdb8069e0c118337306f48 --conf 0.5 --iou 0.45 --snapshot_dir C:\dev\projects\AgniSight-AI\data\snapshots --output_dir C:\dev\projects\AgniSight-AI\data\outputs --model C:\dev\projects\AgniSight-AI\ai\models\yolov8n.pt
[2026-03-21 02:41:35] [32minfo[39m: Socket connected: HwZ_32LaGO3DTKm9AAAB
[2026-03-21 02:41:35] [32minfo[39m: Socket HwZ_32LaGO3DTKm9AAAB joined session room: 69bdb8069e0c118337306f48
[2026-03-21 02:41:46] [31merror[39m: AI stderr: [INFO] Model loaded successfully: C:\dev\projects\AgniSight-AI\ai\models\yolov8n.pt

[2026-03-21 02:41:57] [32minfo[39m: Socket disconnected: HwZ_32LaGO3DTKm9AAAB
[2026-03-21 02:42:01] [31merror[39m: AI stderr: C:\dev\projects\AgniSight-AI\ai\main.py:104: DeprecationWarning: Conversion of an array with ndim > 0 to a scalar is deprecated, and will error in future. Ensure you extract a single element from your array before performing this operation. (Deprecated NumPy 1.25.)
  {"trackId": int(t[4]), "bbox": [float(t[0]), float(t[1]), float(t[2]), float(t[3])]}

[2026-03-21 02:42:01] [32minfo[39m: Snapshot saved: frame 132 | 0 → 1
[2026-03-21 02:42:06] [32minfo[39m: Challan generated: C:\dev\projects\AgniSight-AI\data\reports\challan-69bdb464c3c5ed79649f884e-1774041126151.pdf
[2026-03-21 02:42:10] [32minfo[39m: Snapshot saved: frame 274 | 1 → 2
[2026-03-21 02:42:15] [32minfo[39m: Snapshot saved: frame 352 | 2 → 3
[2026-03-21 02:42:20] [32minfo[39m: Snapshot saved: frame 432 | 3 → 4
[2026-03-21 02:42:27] [32minfo[39m: Snapshot saved: frame 544 | 4 → 5
[2026-03-21 02:42:31] [32minfo[39m: Snapshot saved: frame 638 | 5 → 6
[2026-03-21 02:42:35] [32minfo[39m: Snapshot saved: frame 782 | 6 → 7
[2026-03-21 02:42:45] [32minfo[39m: Snapshot saved: frame 978 | 7 → 8
[2026-03-21 02:43:03] [32minfo[39m: Snapshot saved: frame 1188 | 8 → 9
[2026-03-21 02:43:04] [32minfo[39m: Snapshot saved: frame 1196 | 9 → 10
[2026-03-21 02:43:13] [32minfo[39m: Snapshot saved: frame 1324 | 10 → 11
[2026-03-21 02:43:28] [32minfo[39m: Snapshot saved: frame 1556 | 11 → 12
[2026-03-21 02:43:34] [32minfo[39m: User logged in: manager@boxtrack.internal
[2026-03-21 02:43:36] [32minfo[39m: Snapshot saved: frame 1664 | 12 → 13
[2026-03-21 02:43:45] [32minfo[39m: Snapshot saved: frame 1792 | 13 → 14
[2026-03-21 02:43:56] [32minfo[39m: Snapshot saved: frame 1964 | 14 → 15
[2026-03-21 02:44:11] [32minfo[39m: Cron: Video cleanup job scheduled (daily at midnight).
[2026-03-21 02:44:11] [32minfo[39m: Server running on port 5000
[2026-03-21 02:44:11] [32minfo[39m: MongoDB connected: 127.0.0.1
[2026-03-21 02:44:43] [32minfo[39m: User logged in: manager@boxtrack.internal
[2026-03-21 03:13:52] [32minfo[39m: Cron: Video cleanup job scheduled (daily at midnight).
[2026-03-21 03:13:52] [32minfo[39m: Server running on port 5000
[2026-03-21 03:13:52] [32minfo[39m: MongoDB connected: 127.0.0.1
[2026-03-21 03:14:12] [32minfo[39m: User logged in: manager@boxtrack.internal
[2026-03-21 03:15:26] [32minfo[39m: Session stopped: 69bdb8069e0c118337306f48 | Final count: 15
[2026-03-21 03:15:51] [32minfo[39m: Cron: Video cleanup job scheduled (daily at midnight).
[2026-03-21 03:15:51] [32minfo[39m: Server running on port 5000
[2026-03-21 03:15:51] [32minfo[39m: MongoDB connected: 127.0.0.1
[2026-03-21 03:16:18] [32minfo[39m: User logged in: manager@boxtrack.internal
[2026-03-21 03:16:29] [32minfo[39m: Session created: 69bdc035570e0cff8c8edc53 | Batch: BATCH-1774043189664 | Operator: manager@boxtrack.internal
[2026-03-21 03:16:31] [32minfo[39m: Video uploaded for session 69bdc035570e0cff8c8edc53: ..\data\videos\1774043189759-69bdaea2e4af393df2242fd3.mp4
[2026-03-21 03:16:31] [32minfo[39m: Video uploaded for session 69bdc035570e0cff8c8edc53: ..\data\videos\1774043191095-69bdaea2e4af393df2242fd3.mp4
[2026-03-21 03:16:31] [32minfo[39m: Spawning AI process: C:\dev\projects\AgniSight-AI\ai\venv\Scripts\python.exe C:\dev\projects\AgniSight-AI\ai\main.py --video C:\dev\projects\AgniSight-AI\data\videos\1774043191095-69bdaea2e4af393df2242fd3.mp4 --session_id 69bdc035570e0cff8c8edc53 --conf 0.5 --iou 0.45 --snapshot_dir C:\dev\projects\AgniSight-AI\data\snapshots --output_dir C:\dev\projects\AgniSight-AI\data\outputs --model C:\dev\projects\AgniSight-AI\ai\models\yolov8n.pt
[2026-03-21 03:16:31] [32minfo[39m: Socket connected: AN0GQcEDIlYDT3nYAAAB
[2026-03-21 03:16:31] [32minfo[39m: Socket AN0GQcEDIlYDT3nYAAAB joined session room: 69bdc035570e0cff8c8edc53
[2026-03-21 03:16:47] [31merror[39m: AI stderr: [INFO] Model loaded successfully: C:\dev\projects\AgniSight-AI\ai\models\yolov8n.pt

[2026-03-21 03:16:55] [32minfo[39m: Session stopped: 69bdc035570e0cff8c8edc53 | Final count: 0
[2026-03-21 03:16:55] [32minfo[39m: Socket AN0GQcEDIlYDT3nYAAAB left session room: 69bdc035570e0cff8c8edc53
[2026-03-21 03:16:55] [32minfo[39m: Socket disconnected: AN0GQcEDIlYDT3nYAAAB
[2026-03-21 03:16:59] [31merror[39m: AI stderr: C:\dev\projects\AgniSight-AI\ai\main.py:104: DeprecationWarning: Conversion of an array with ndim > 0 to a scalar is deprecated, and will error in future. Ensure you extract a single element from your array before performing this operation. (Deprecated NumPy 1.25.)
  {"trackId": int(t[4]), "bbox": [float(t[0]), float(t[1]), float(t[2]), float(t[3])]}

[2026-03-21 03:16:59] [32minfo[39m: Snapshot saved: frame 132 | 0 → 1
[2026-03-21 03:17:08] [32minfo[39m: Snapshot saved: frame 274 | 1 → 2
[2026-03-21 03:17:14] [32minfo[39m: Snapshot saved: frame 352 | 2 → 3
[2026-03-21 03:17:19] [32minfo[39m: Snapshot saved: frame 432 | 3 → 4
[2026-03-21 03:17:27] [32minfo[39m: Snapshot saved: frame 544 | 4 → 5
[2026-03-21 03:17:33] [32minfo[39m: Snapshot saved: frame 638 | 5 → 6
[2026-03-21 03:17:43] [32minfo[39m: Snapshot saved: frame 782 | 6 → 7
[2026-03-21 03:17:50] [32minfo[39m: Snapshot saved: frame 978 | 7 → 8
[2026-03-21 03:18:03] [32minfo[39m: Snapshot saved: frame 1188 | 8 → 9
[2026-03-21 03:18:04] [32minfo[39m: Snapshot saved: frame 1196 | 9 → 10
[2026-03-21 03:18:13] [32minfo[39m: Snapshot saved: frame 1324 | 10 → 11
[2026-03-21 03:18:25] [32minfo[39m: Snapshot saved: frame 1556 | 11 → 12
[2026-03-21 03:18:32] [32minfo[39m: Snapshot saved: frame 1664 | 12 → 13
[2026-03-21 03:18:41] [32minfo[39m: Snapshot saved: frame 1792 | 13 → 14
[2026-03-21 03:18:53] [32minfo[39m: Snapshot saved: frame 1964 | 14 → 15
[2026-03-21 03:18:54] [32minfo[39m: Snapshot saved: frame 1986 | 15 → 16
[2026-03-21 03:18:55] [32minfo[39m: Snapshot saved: frame 2006 | 16 → 17
[2026-03-21 03:19:17] [32minfo[39m: Snapshot saved: frame 2342 | 17 → 18
[2026-03-21 03:19:22] [32minfo[39m: Snapshot saved: frame 2424 | 18 → 19
[2026-03-21 03:19:24] [32minfo[39m: Snapshot saved: frame 2460 | 19 → 20
[2026-03-21 03:19:43] [32minfo[39m: Snapshot saved: frame 2734 | 20 → 21
[2026-03-21 03:19:44] [32minfo[39m: Snapshot saved: frame 2754 | 21 → 22
[2026-03-21 03:19:54] [32minfo[39m: Snapshot saved: frame 2902 | 22 → 23
[2026-03-21 03:19:55] [32minfo[39m: Snapshot saved: frame 2934 | 23 → 24
[2026-03-21 03:20:02] [32minfo[39m: Snapshot saved: frame 3030 | 24 → 25
[2026-03-21 03:20:13] [32minfo[39m: Snapshot saved: frame 3230 | 25 → 26
[2026-03-21 03:20:30] [32minfo[39m: Snapshot saved: frame 3508 | 26 → 27
[2026-03-21 03:20:45] [32minfo[39m: Snapshot saved: frame 3744 | 27 → 28
[2026-03-21 03:20:50] [32minfo[39m: Snapshot saved: frame 3840 | 28 → 29
[2026-03-21 03:20:52] [32minfo[39m: Snapshot saved: frame 3874 | 29 → 30
[2026-03-21 03:21:12] [32minfo[39m: Snapshot saved: frame 4162 | 30 → 31
[2026-03-21 03:21:16] [32minfo[39m: Snapshot saved: frame 4212 | 31 → 32
[2026-03-21 03:21:21] [32minfo[39m: Snapshot saved: frame 4300 | 32 → 33
[2026-03-21 03:21:27] [32minfo[39m: Snapshot saved: frame 4398 | 33 → 34
[2026-03-21 03:21:29] [32minfo[39m: Snapshot saved: frame 4440 | 34 → 35
[2026-03-21 03:21:33] [32minfo[39m: Snapshot saved: frame 4538 | 35 → 36
[2026-03-21 03:21:34] [32minfo[39m: Snapshot saved: frame 4552 | 36 → 37
[2026-03-21 03:21:41] [32minfo[39m: Snapshot saved: frame 4644 | 37 → 38
[2026-03-21 03:21:44] [32minfo[39m: Snapshot saved: frame 4686 | 38 → 39
[2026-03-21 03:21:51] [32minfo[39m: Snapshot saved: frame 4796 | 39 → 40
[2026-03-21 03:21:56] [32minfo[39m: Snapshot saved: frame 4850 | 40 → 41
[2026-03-21 03:22:14] [32minfo[39m: AI process done for session 69bdc035570e0cff8c8edc53 | Total frames: 2558
[2026-03-21 03:22:15] [32minfo[39m: AI process exited cleanly for session 69bdc035570e0cff8c8edc53
[2026-03-21 03:30:12] [32minfo[39m: Cron: Video cleanup job scheduled (daily at midnight).
[2026-03-21 03:30:12] [32minfo[39m: Server running on port 5000
[2026-03-21 03:30:12] [32minfo[39m: MongoDB connected: 127.0.0.1
[2026-03-21 03:39:06] [32minfo[39m: Cron: Video cleanup job scheduled (daily at midnight).
[2026-03-21 03:39:06] [32minfo[39m: Server running on port 5000
[2026-03-21 03:39:06] [32minfo[39m: MongoDB connected: 127.0.0.1
[2026-03-21 03:40:01] [32minfo[39m: User logged in: manager@boxtrack.internal
[2026-03-21 03:40:14] [32minfo[39m: Session created: 69bdc5c69b3186017d68a632 | Batch: BATCH-1774044614056 | Operator: manager@boxtrack.internal
[2026-03-21 03:40:14] [32minfo[39m: Video uploaded for session 69bdc5c69b3186017d68a632: ..\data\videos\1774044614154-69bdaea2e4af393df2242fd3.mp4
[2026-03-21 03:40:14] [32minfo[39m: Spawning AI process: C:\dev\projects\AgniSight-AI\ai\venv\Scripts\python.exe C:\dev\projects\AgniSight-AI\ai\main.py --video C:\dev\projects\AgniSight-AI\data\videos\1774044614154-69bdaea2e4af393df2242fd3.mp4 --session_id 69bdc5c69b3186017d68a632 --conf 0.5 --iou 0.45 --snapshot_dir C:\dev\projects\AgniSight-AI\data\snapshots --output_dir C:\dev\projects\AgniSight-AI\data\outputs --model C:\dev\projects\AgniSight-AI\ai\models\yolov8n.pt
[2026-03-21 03:40:14] [32minfo[39m: Socket connected: euq30y0EIRTeRKnOAAAB
[2026-03-21 03:40:14] [32minfo[39m: Socket euq30y0EIRTeRKnOAAAB joined session room: 69bdc5c69b3186017d68a632
[2026-03-21 03:40:26] [31merror[39m: AI stderr: [INFO] Model loaded successfully: C:\dev\projects\AgniSight-AI\ai\models\yolov8n.pt

[2026-03-21 03:40:37] [31merror[39m: AI stderr: C:\dev\projects\AgniSight-AI\ai\main.py:104: DeprecationWarning: Conversion of an array with ndim > 0 to a scalar is deprecated, and will error in future. Ensure you extract a single element from your array before performing this operation. (Deprecated NumPy 1.25.)
  {"trackId": int(t[4]), "bbox": [float(t[0]), float(t[1]), float(t[2]), float(t[3])]}

[2026-03-21 03:40:37] [32minfo[39m: Snapshot saved: frame 132 | 0 → 1
[2026-03-21 03:40:46] [32minfo[39m: Snapshot saved: frame 274 | 1 → 2
[2026-03-21 03:40:51] [32minfo[39m: Snapshot saved: frame 352 | 2 → 3
[2026-03-21 03:40:56] [32minfo[39m: Snapshot saved: frame 432 | 3 → 4
[2026-03-21 03:41:01] [32minfo[39m: Socket disconnected: euq30y0EIRTeRKnOAAAB
[2026-03-21 03:41:03] [32minfo[39m: Snapshot saved: frame 544 | 4 → 5
[2026-03-21 03:41:08] [32minfo[39m: Excel export prepared for session 69bdc5c69b3186017d68a632 — 5 rows
[2026-03-21 03:41:09] [32minfo[39m: Snapshot saved: frame 638 | 5 → 6
[2026-03-21 03:41:19] [32minfo[39m: Snapshot saved: frame 782 | 6 → 7
[2026-03-21 03:41:32] [32minfo[39m: Snapshot saved: frame 978 | 7 → 8
[2026-03-21 03:41:37] [32minfo[39m: Session stopped: 69bdc5c69b3186017d68a632 | Final count: 8
[2026-03-21 03:41:46] [32minfo[39m: Snapshot saved: frame 1188 | 8 → 9
[2026-03-21 03:41:47] [32minfo[39m: Snapshot saved: frame 1196 | 9 → 10
[2026-03-21 03:41:55] [32minfo[39m: Snapshot saved: frame 1324 | 10 → 11
[2026-03-21 03:42:06] [32minfo[39m: Snapshot saved: frame 1556 | 11 → 12
[2026-03-21 03:42:11] [32minfo[39m: Snapshot saved: frame 1664 | 12 → 13
[2026-03-21 03:42:17] [32minfo[39m: Snapshot saved: frame 1792 | 13 → 14
[2026-03-21 03:42:26] [32minfo[39m: Snapshot saved: frame 1964 | 14 → 15
[2026-03-21 03:42:27] [32minfo[39m: Snapshot saved: frame 1986 | 15 → 16
[2026-03-21 03:42:28] [32minfo[39m: Snapshot saved: frame 2006 | 16 → 17
[2026-03-21 03:42:50] [32minfo[39m: Snapshot saved: frame 2342 | 17 → 18
[2026-03-21 03:42:56] [32minfo[39m: Snapshot saved: frame 2424 | 18 → 19
[2026-03-21 03:42:58] [32minfo[39m: Snapshot saved: frame 2460 | 19 → 20
[2026-03-21 03:43:17] [32minfo[39m: Snapshot saved: frame 2734 | 20 → 21
[2026-03-21 03:43:19] [32minfo[39m: Snapshot saved: frame 2754 | 21 → 22
[2026-03-21 03:43:32] [32minfo[39m: User logged in: manager@boxtrack.internal
[2026-03-21 03:43:32] [32minfo[39m: Snapshot saved: frame 2902 | 22 → 23
[2026-03-21 03:43:35] [32minfo[39m: Snapshot saved: frame 2934 | 23 → 24
[2026-03-21 03:43:44] [32minfo[39m: Snapshot saved: frame 3030 | 24 → 25
[2026-03-21 03:43:44] [32minfo[39m: User logged in: manager@boxtrack.internal
[2026-03-21 03:43:53] [32minfo[39m: Session created: 69bdc6a19b3186017d68a6e8 | Batch: BATCH-1774044833143 | Operator: manager@boxtrack.internal
[2026-03-21 03:43:54] [32minfo[39m: Video uploaded for session 69bdc6a19b3186017d68a6e8: ..\data\videos\1774044833221-69bdaea2e4af393df2242fd3.mp4
[2026-03-21 03:43:54] [32minfo[39m: Spawning AI process: C:\dev\projects\AgniSight-AI\ai\venv\Scripts\python.exe C:\dev\projects\AgniSight-AI\ai\main.py --video C:\dev\projects\AgniSight-AI\data\videos\1774044833221-69bdaea2e4af393df2242fd3.mp4 --session_id 69bdc6a19b3186017d68a6e8 --conf 0.5 --iou 0.45 --snapshot_dir C:\dev\projects\AgniSight-AI\data\snapshots --output_dir C:\dev\projects\AgniSight-AI\data\outputs --model C:\dev\projects\AgniSight-AI\ai\models\yolov8n.pt
[2026-03-21 03:43:54] [32minfo[39m: Socket connected: lRT5KWfWIFZpa-ouAAAD
[2026-03-21 03:43:54] [32minfo[39m: Socket lRT5KWfWIFZpa-ouAAAD joined session room: 69bdc6a19b3186017d68a6e8
[2026-03-21 03:44:08] [32minfo[39m: Session stopped: 69bdc6a19b3186017d68a6e8 | Final count: 0
[2026-03-21 03:44:08] [32minfo[39m: Socket lRT5KWfWIFZpa-ouAAAD left session room: 69bdc6a19b3186017d68a6e8
[2026-03-21 03:44:08] [32minfo[39m: Socket disconnected: lRT5KWfWIFZpa-ouAAAD
[2026-03-21 03:44:11] [32minfo[39m: Snapshot saved: frame 3230 | 25 → 26
[2026-03-21 03:44:14] [31merror[39m: AI stderr: [INFO] Model loaded successfully: C:\dev\projects\AgniSight-AI\ai\models\yolov8n.pt

[2026-03-21 03:44:37] [31merror[39m: AI stderr: C:\dev\projects\AgniSight-AI\ai\main.py:104: DeprecationWarning: Conversion of an array with ndim > 0 to a scalar is deprecated, and will error in future. Ensure you extract a single element from your array before performing this operation. (Deprecated NumPy 1.25.)
  {"trackId": int(t[4]), "bbox": [float(t[0]), float(t[1]), float(t[2]), float(t[3])]}

[2026-03-21 03:44:37] [32minfo[39m: Snapshot saved: frame 132 | 0 → 1
[2026-03-21 03:44:47] [32minfo[39m: Snapshot saved: frame 3508 | 26 → 27
[2026-03-21 03:44:53] [32minfo[39m: Snapshot saved: frame 274 | 1 → 2
[2026-03-21 03:45:03] [32minfo[39m: Snapshot saved: frame 352 | 2 → 3
[2026-03-21 03:45:17] [32minfo[39m: Snapshot saved: frame 432 | 3 → 4
[2026-03-21 03:45:20] [32minfo[39m: Snapshot saved: frame 3744 | 27 → 28
[2026-03-21 03:45:35] [32minfo[39m: Snapshot saved: frame 544 | 4 → 5
[2026-03-21 03:45:36] [32minfo[39m: Snapshot saved: frame 3840 | 28 → 29
[2026-03-21 03:45:42] [32minfo[39m: Snapshot saved: frame 3874 | 29 → 30
[2026-03-21 03:45:52] [32minfo[39m: Snapshot saved: frame 638 | 5 → 6
[2026-03-21 03:46:06] [32minfo[39m: Snapshot saved: frame 782 | 6 → 7
[2026-03-21 03:46:12] [32minfo[39m: Snapshot saved: frame 4162 | 30 → 31
[2026-03-21 03:46:19] [32minfo[39m: Snapshot saved: frame 4212 | 31 → 32
[2026-03-21 03:46:25] [32minfo[39m: Snapshot saved: frame 978 | 7 → 8
[2026-03-21 03:46:30] [32minfo[39m: Snapshot saved: frame 4300 | 32 → 33
[2026-03-21 03:46:42] [32minfo[39m: Snapshot saved: frame 4398 | 33 → 34
[2026-03-21 03:46:47] [32minfo[39m: Snapshot saved: frame 4440 | 34 → 35
[2026-03-21 03:46:52] [32minfo[39m: Snapshot saved: frame 1188 | 8 → 9
[2026-03-21 03:46:55] [32minfo[39m: Snapshot saved: frame 1196 | 9 → 10
[2026-03-21 03:47:04] [32minfo[39m: Snapshot saved: frame 4538 | 35 → 36
[2026-03-21 03:47:12] [32minfo[39m: Cron: Video cleanup job scheduled (daily at midnight).
[2026-03-21 03:47:12] [32minfo[39m: Server running on port 5000
[2026-03-21 03:47:12] [32minfo[39m: MongoDB connected: 127.0.0.1
[2026-03-21 10:39:58] [32minfo[39m: Cron: Video cleanup job scheduled (daily at midnight).
[2026-03-21 10:39:58] [32minfo[39m: Server running on port 5000
[2026-03-21 10:40:28] [31merror[39m: MongoDB connection error: connect ECONNREFUSED 127.0.0.1:27017
