[2026-03-21 00:06:09] [31merror[39m: Multipart: Boundary not found — POST /api/video/upload/69bd9303f816f615271c0fdf
[2026-03-21 00:25:22] [31merror[39m: sendSMS is not defined — POST /api/video/upload/69bd9303f816f615271c0fdf
[2026-03-21 00:25:51] [31merror[39m: sendSMS is not defined — POST /api/video/upload/69bd9303f816f615271c0fdf
[2026-03-21 00:27:02] [31merror[39m: sendSMS is not a function — POST /api/video/upload/69bd9303f816f615271c0fdf
[2026-03-21 01:20:05] [31merror[39m: Auth middleware error: jwt malformed
[2026-03-21 01:20:31] [31merror[39m: Auth middleware error: jwt malformed
[2026-03-21 01:20:37] [31merror[39m: Auth middleware error: jwt malformed
[2026-03-21 01:20:37] [31merror[39m: Auth middleware error: jwt malformed
[2026-03-21 01:20:45] [31merror[39m: Auth middleware error: jwt malformed
[2026-03-21 01:20:45] [31merror[39m: Auth middleware error: jwt malformed
[2026-03-21 01:27:58] [31merror[39m: Auth middleware error: jwt malformed
[2026-03-21 01:28:03] [31merror[39m: Auth middleware error: jwt malformed
[2026-03-21 01:28:03] [31merror[39m: Auth middleware error: jwt malformed
[2026-03-21 01:28:26] [31merror[39m: Auth middleware error: jwt malformed
[2026-03-21 01:37:12] [31merror[39m: Auth middleware error: jwt malformed
[2026-03-21 01:37:12] [31merror[39m: Auth middleware error: jwt malformed
[2026-03-21 01:38:08] [31merror[39m: Auth middleware error: jwt malformed
[2026-03-21 01:38:08] [31merror[39m: Auth middleware error: jwt malformed
[2026-03-21 01:38:10] [31merror[39m: Auth middleware error: jwt malformed
[2026-03-21 01:38:10] [31merror[39m: Auth middleware error: jwt malformed
[2026-03-21 01:38:11] [31merror[39m: Auth middleware error: jwt malformed
[2026-03-21 01:38:11] [31merror[39m: Auth middleware error: jwt malformed
[2026-03-21 01:38:12] [31merror[39m: Auth middleware error: jwt malformed
[2026-03-21 01:38:12] [31merror[39m: Auth middleware error: jwt malformed
[2026-03-21 01:38:13] [31merror[39m: Auth middleware error: jwt malformed
[2026-03-21 01:38:13] [31merror[39m: Auth middleware error: jwt malformed
[2026-03-21 01:38:14] [31merror[39m: Auth middleware error: jwt malformed
[2026-03-21 01:38:14] [31merror[39m: Auth middleware error: jwt malformed
[2026-03-21 01:38:15] [31merror[39m: Auth middleware error: jwt malformed
[2026-03-21 01:38:15] [31merror[39m: Auth middleware error: jwt malformed
[2026-03-21 01:41:37] [31merror[39m: Auth middleware error: jwt malformed
[2026-03-21 01:41:37] [31merror[39m: Auth middleware error: jwt malformed
[2026-03-21 01:42:00] [31merror[39m: Auth middleware error: jwt malformed
[2026-03-21 01:42:00] [31merror[39m: Auth middleware error: jwt malformed
[2026-03-21 01:42:03] [31merror[39m: Auth middleware error: jwt malformed
[2026-03-21 01:42:03] [31merror[39m: Auth middleware error: jwt malformed
[2026-03-21 01:42:08] [31merror[39m: Auth middleware error: jwt malformed
[2026-03-21 01:42:08] [31merror[39m: Auth middleware error: jwt malformed
[2026-03-21 01:43:59] [31merror[39m: Auth middleware error: jwt malformed
[2026-03-21 01:43:59] [31merror[39m: Auth middleware error: jwt malformed
[2026-03-21 01:44:44] [31merror[39m: Auth middleware error: jwt malformed
[2026-03-21 01:44:44] [31merror[39m: Auth middleware error: jwt malformed
[2026-03-21 01:44:45] [31merror[39m: Auth middleware error: jwt malformed
[2026-03-21 01:44:45] [31merror[39m: Auth middleware error: jwt malformed
[2026-03-21 02:01:56] [31merror[39m: AI stderr: Traceback (most recent call last):

[2026-03-21 02:01:56] [31merror[39m: AI stderr:   File "C:\dev\projects\AgniSight-AI\ai\main.py", line 1, in <module>
    import cv2

[2026-03-21 02:01:56] [31merror[39m: AI stderr: ModuleNotFoundError: No module named 'cv2'

[2026-03-21 02:01:56] [31merror[39m: AI process crashed with code 1 for session 69bdaeba195de21aabf8fb00
[2026-03-21 02:01:56] [31merror[39m: Background AI error for session 69bdaeba195de21aabf8fb00: AI process exited with code 1
[2026-03-21 02:14:29] [31merror[39m: AI stderr: Traceback (most recent call last):

[2026-03-21 02:14:29] [31merror[39m: AI stderr:   File "C:\dev\projects\AgniSight-AI\ai\main.py", line 1, in <module>
    import cv2
ModuleNotFoundError: No module named 'cv2'

[2026-03-21 02:14:29] [31merror[39m: AI process crashed with code 1 for session 69bdb1ab985498792aa64ff5
[2026-03-21 02:14:29] [31merror[39m: Background AI error for session 69bdb1ab985498792aa64ff5: AI process exited with code 1
[2026-03-21 02:14:42] [31merror[39m: AI stderr: Traceback (most recent call last):

[2026-03-21 02:14:42] [31merror[39m: AI stderr:   File "C:\dev\projects\AgniSight-AI\ai\main.py", line 1, in <module>
    import cv2
ModuleNotFoundError: No module named 'cv2'

[2026-03-21 02:14:42] [31merror[39m: AI process crashed with code 1 for session 69bdb1b9985498792aa64fff
[2026-03-21 02:14:42] [31merror[39m: Background AI error for session 69bdb1b9985498792aa64fff: AI process exited with code 1
[2026-03-21 02:26:34] [31merror[39m: AI stderr: WARNING  C:\dev\projects\AgniSight-AI\ai\models\box_detection.pt appears to require 'models.yolo', which is not in ultralytics requirements.
AutoInstall will run now for 'models.yolo' but this feature will be removed in the future.
Recommend fixes are to train a new model using the latest 'ultralytics' package or to run a command with an official YOLOv8 model, i.e. 'yolo predict model=yolov8n.pt'

[2026-03-21 02:26:34] [31merror[39m: AI stderr: [31m[1mrequirements:[0m Ultralytics requirement ['models.yolo'] not found, attempting AutoUpdate...

[2026-03-21 02:27:01] [31merror[39m: AI stderr: WARNING  C:\dev\projects\AgniSight-AI\ai\models\box_detection.pt appears to require 'models.yolo', which is not in ultralytics requirements.
AutoInstall will run now for 'models.yolo' but this feature will be removed in the future.
Recommend fixes are to train a new model using the latest 'ultralytics' package or to run a command with an official YOLOv8 model, i.e. 'yolo predict model=yolov8n.pt'

[2026-03-21 02:27:01] [31merror[39m: AI stderr: [31m[1mrequirements:[0m Ultralytics requirement ['models.yolo'] not found, attempting AutoUpdate...

[2026-03-21 02:27:04] [31merror[39m: AI stderr: ERROR: Could not find a version that satisfies the requirement models.yolo (from versions: none)

[2026-03-21 02:27:05] [31merror[39m: AI stderr: 
[notice] A new release of pip is available: 25.3 -> 26.0.1
[
[2026-03-21 02:27:05] [31merror[39m: AI stderr: notice] To update, run: python.exe -m pip install --upgrade pip

[2026-03-21 02:27:05] [31merror[39m: AI stderr: ERROR: No matching distribution found for models.yolo

[2026-03-21 02:27:05] [31merror[39m: AI stderr: [31m[1mrequirements:[0m  Command 'pip install --no-cache "models.yolo" ' returned non-zero exit status 1.

[2026-03-21 02:27:05] [31merror[39m: AI stderr: [ERROR] Failed to load YOLO model: No module named 'models.yolo'

[2026-03-21 02:27:05] [31merror[39m: AI stderr: Traceback (most recent call last):
  File "C:\dev\projects\AgniSight-AI\ai\venv\lib\site-packages\ultralytics\nn\tasks.py", line 567, in torch_safe_load

[2026-03-21 02:27:05] [31merror[39m: AI stderr:     return torch.load(file, map_location='cpu'), file  # load
  File "C:\dev\projects\AgniSight-AI\ai\detector.py", line 10, in _patched_torch_load

[2026-03-21 02:27:05] [31merror[39m: AI stderr:     return _original_torch_load(f, *args, **kwargs)
  File "C:\dev\projects\AgniSight-AI\ai\venv\lib\site-packages\torch\serialization.py", line 1549, in load

[2026-03-21 02:27:05] [31merror[39m: AI stderr:     return _load(
  File "C:\dev\projects\AgniSight-AI\ai\venv\lib\site-packages\torch\serialization.py", line 2143, in _load

[2026-03-21 02:27:05] [31merror[39m: AI stderr:     result = unpickler.load()
  File "C:\dev\projects\AgniSight-AI\ai\venv\lib\site-packages\torch\serialization.py", line 2132, in find_class
    return super().find_class(mod_name, name)
ModuleNotFoundError: No module named 'models.yolo'

[2026-03-21 02:27:05] [31merror[39m: AI stderr: 
During handling of the above exception, another exception occurred:

Traceback (most recent call last):
  File "C:\dev\projects\AgniSight-AI\ai\main.py", line 123, in <module>
    main()
  File "C:\dev\projects\AgniSight-AI\ai\main.py", line 27, in main

[2026-03-21 02:27:05] [31merror[39m: AI stderr:     detector = BoxDetector(cfg.model, conf=cfg.conf, iou=cfg.iou, device=cfg.device)
  File "C:\dev\projects\AgniSight-AI\ai\detector.py", line 20, in __init__
    self.model  = YOLO(model_path)
  File "C:\dev\projects\AgniSight-AI\ai\venv\lib\site-packages\ultralytics\engine\model.py", line 97, in __init__

[2026-03-21 02:27:05] [31merror[39m: AI stderr:     self._load(model, task)
  File "C:\dev\projects\AgniSight-AI\ai\venv\lib\site-packages\ultralytics\engine\model.py", line 149, in _load

[2026-03-21 02:27:05] [31merror[39m: AI stderr:     self.model, self.ckpt = attempt_load_one_weight(weights)
  File "C:\dev\projects\AgniSight-AI\ai\venv\lib\site-packages\ultralytics\nn\tasks.py", line 628, in attempt_load_one_weight
    ckpt, weight = torch_safe_load(weight)  # load ckpt
  File "C:\dev\projects\AgniSight-AI\ai\venv\lib\site-packages\ultralytics\nn\tasks.py", line 583, in torch_safe_load
    return torch.load(file, map_location='cpu'), file  # load
  File "C:\dev\projects\AgniSight-AI\ai\detector.py", line 10, in _patched_torch_load
    return _original_torch_load(f, *args, **kwargs)
  File "C:\dev\projects\AgniSight-AI\ai\venv\lib\site-packages\torch\serialization.py", line 1549, in load
    return _load(
  File "C:\dev\projects\AgniSight-AI\ai\venv\lib\site-packages\torch\serialization.py", line 2143, in _load

[2026-03-21 02:27:05] [31merror[39m: AI stderr:     result = unpickler.load()
  File "C:\dev\projects\AgniSight-AI\ai\venv\lib\site-packages\torch\serialization.py", line 2132, in find_class

[2026-03-21 02:27:05] [31merror[39m: AI stderr:     return super().find_class(mod_name, name)
ModuleNotFoundError: No module named 'models.yolo'

[2026-03-21 02:27:06] [31merror[39m: AI process crashed with code 1 for session 69bdb497f8c0187b548d8e4f
[2026-03-21 02:27:06] [31merror[39m: Background AI error for session 69bdb497f8c0187b548d8e4f: AI process exited with code 1
[2026-03-21 02:27:26] [31merror[39m: AI stderr: WARNING  C:\dev\projects\AgniSight-AI\ai\models\box_detection.pt appears to require 'models.yolo', which is not in ultralytics requirements.
AutoInstall will run now for 'models.yolo' but this feature will be removed in the future.
Recommend fixes are to train a new model using the latest 'ultralytics' package or to run a command with an official YOLOv8 model, i.e. 'yolo predict model=yolov8n.pt'

[2026-03-21 02:27:26] [31merror[39m: AI stderr: [31m[1mrequirements:[0m Ultralytics requirement ['models.yolo'] not found, attempting AutoUpdate...

[2026-03-21 02:27:28] [31merror[39m: AI stderr: ERROR: Could not find a version that satisfies the requirement models.yolo (from versions: none)
[2026-03-21 02:27:28] [31merror[39m: AI stderr: 

[2026-03-21 02:27:29] [31merror[39m: AI stderr: 
[notice] A new release of pip is available: 25.3 -> 26.0.1
[notice] To update, run: python.exe -m pip install --upgrade pip
ERROR: No matching distribution found for models.yolo

[2026-03-21 02:27:30] [31merror[39m: AI stderr: [31m[1mrequirements:[0m  Command 'pip install --no-cache "models.yolo" ' returned non-zero exit status 1.
[ERROR] Failed to load YOLO model: No module named 'models.yolo'
Traceback (most recent call last):
  File "C:\dev\projects\AgniSight-AI\ai\venv\lib\site-packages\ultralytics\nn\tasks.py", line 567, in torch_safe_load
    return torch.load(file, map_location='cpu'), file  # load
  File "C:\dev\projects\AgniSight-AI\ai\detector.py", line 10, in _patched_torch_load
    return _original_torch_load(f, *args, **kwargs)
  File "C:\dev\projects\AgniSight-AI\ai\venv\lib\site-packages\torch\serialization.py", line 1549, in load
    return _load(
  File "C:\dev\projects\AgniSight-AI\ai\venv\lib\site-packages\torch\serialization.py", line 2143, in _load
    result = unpickler.load()
  File "C:\dev\projects\AgniSight-AI\ai\venv\lib\site-packages\torch\serialization.py", line 2132, in find_class
    return super().find_class(mod_name, name)
ModuleNotFoundError: No module named 'models.yolo'

During handling of the above exception, another exception occurred:

Traceback (most recent call last):
  File "C:\dev\projects\AgniSight-AI\ai\main.py", line 123, in <module>
    main()
  File "C:\dev\projects\AgniSight-AI\ai\main.py", line 27, in main
    detector = BoxDetector(cfg.model, conf=cfg.conf, iou=cfg.iou, device=cfg.device)
  File "C:\dev\projects\AgniSight-AI\ai\detector.py", line 20, in __init__
    self.model  = YOLO(model_path)
  File "C:\dev\projects\AgniSight-AI\ai\venv\lib\site-packages\ultralytics\engine\model.py", line 97, in __init__
    self._load(model, task)
  File "C:\dev\projects\AgniSight-AI\ai\venv\lib\site-packages\ultralytics\engine\model.py", line 149, in _load
    self.model, self.ckpt = attempt_load_one_weight(weights)
  File "C:\dev\projects\AgniSight-AI\ai\venv\lib\site-packages\ultralytics\nn\tasks.py", line 628, in attempt_load_one_weight
    ckpt, weight = torch_safe_load(weight)  # load ckpt
  File "C:\dev\projects\AgniSight-AI\ai\venv\lib\site-packages\ultralytics\nn\tasks.py", line 583, in torch_safe_load
    return torch.load(file, map_location='cpu'), file  # load
  File "C:\dev\projects\AgniSight-AI\ai\detector.py", line 10, in _patched_torch_load
    return _original_torch_load(f, *args, **kwargs)
  File "C:\dev\projects\AgniSight-AI\ai\venv\lib\site-packages\torch\serialization.py", line 1549, in load
    return _load(
  File "C:\dev\projects\AgniSight-AI\ai\venv\lib\site-packages\torch\serialization.py", line 2143, in _load
    result = unpickler.load()
  File "C:\dev\projects\AgniSight-AI\ai\venv\lib\site-packages\torch\serialization.py", line 2132, in find_class
    return super().find_class(mod_name, name)
ModuleNotFoundError: No module named 'models.yolo'

[2026-03-21 02:27:31] [31merror[39m: AI process crashed with code 1 for session 69bdb4acf8c0187b548d8e59
[2026-03-21 02:27:31] [31merror[39m: Background AI error for session 69bdb4acf8c0187b548d8e59: AI process exited with code 1
[2026-03-21 02:28:15] [31merror[39m: AI stderr: WARNING  C:\dev\projects\AgniSight-AI\ai\models\box_detection.pt appears to require 'models.yolo', which is not in ultralytics requirements.
AutoInstall will run now for 'models.yolo' but this feature will be removed in the future.
Recommend fixes are to train a new model using the latest 'ultralytics' package or to run a command with an official YOLOv8 model, i.e. 'yolo predict model=yolov8n.pt'

[2026-03-21 02:28:15] [31merror[39m: AI stderr: [31m[1mrequirements:[0m Ultralytics requirement ['models.yolo'] not found, attempting AutoUpdate...

[2026-03-21 02:28:16] [31merror[39m: AI stderr: ERROR: Could not find a version that satisfies the requirement models.yolo (from versions: none)

[2026-03-21 02:28:17] [31merror[39m: AI stderr: 
[notice] A new release of pip is available: 25.3 -> 26.0.1
[notice] To update, run: python.exe -m pip install --upgrade pip

[2026-03-21 02:28:17] [31merror[39m: AI stderr: ERROR: No matching distribution found for models.yolo

[2026-03-21 02:28:17] [31merror[39m: AI stderr: [31m[1mrequirements:[0m  Command 'pip install --no-cache "models.yolo" ' returned non-zero exit status 1.

[2026-03-21 02:28:17] [31merror[39m: AI stderr: [ERROR] Failed to load YOLO model: No module named 'models.yolo'

[2026-03-21 02:28:17] [31merror[39m: AI stderr: Traceback (most recent call last):
  File "C:\dev\projects\AgniSight-AI\ai\venv\lib\site-packages\ultralytics\nn\tasks.py", line 567, in torch_safe_load
    return torch.load(file, map_location='cpu'), file  # load
  File "C:\dev\projects\AgniSight-AI\ai\detector.py", line 10, in _patched_torch_load

[2026-03-21 02:28:17] [31merror[39m: AI stderr:     return _original_torch_load(f, *args, **kwargs)
  File "C:\dev\projects\AgniSight-AI\ai\venv\lib\site-packages\torch\serialization.py", line 1549, in load

[2026-03-21 02:28:17] [31merror[39m: AI stderr:     return _load(
  File "C:\dev\projects\AgniSight-AI\ai\venv\lib\site-packages\torch\serialization.py", line 2143, in _load

[2026-03-21 02:28:17] [31merror[39m: AI stderr:     result = unpickler.load()
  File "C:\dev\projects\AgniSight-AI\ai\venv\lib\site-packages\torch\serialization.py", line 2132, in find_class

[2026-03-21 02:28:17] [31merror[39m: AI stderr:     return super().find_class(mod_name, name)
ModuleNotFoundError: No module named 'models.yolo'

[2026-03-21 02:28:17] [31merror[39m: AI stderr: 
During handling of the above exception, another exception occurred:

Traceback (most recent call last):
  File "C:\dev\projects\AgniSight-AI\ai\main.py", line 123, in <module>
    main()
  File "C:\dev\projects\AgniSight-AI\ai\main.py", line 27, in main
    detector = BoxDetector(cfg.model, conf=cfg.conf, iou=cfg.iou, device=cfg.device)
  File "C:\dev\projects\AgniSight-AI\ai\detector.py", line 20, in __init__
    self.model  = YOLO(model_path)
  File "C:\dev\projects\AgniSight-AI\ai\venv\lib\site-packages\ultralytics\engine\model.py", line 97, in __init__

[2026-03-21 02:28:17] [31merror[39m: AI stderr:     self._load(model, task)
  File "C:\dev\projects\AgniSight-AI\ai\venv\lib\site-packages\ultralytics\engine\model.py", line 149, in _load
    self.model, self.ckpt = attempt_load_one_weight(weights)
  File "C:\dev\projects\AgniSight-AI\ai\venv\lib\site-packages\ultralytics\nn\tasks.py", line 628, in attempt_load_one_weight

[2026-03-21 02:28:17] [31merror[39m: AI stderr:     ckpt, weight = torch_safe_load(weight)  # load ckpt
  File "C:\dev\projects\AgniSight-AI\ai\venv\lib\site-packages\ultralytics\nn\tasks.py", line 583, in torch_safe_load
    return torch.load(file, map_location='cpu'), file  # load
  File "C:\dev\projects\AgniSight-AI\ai\detector.py", line 10, in _patched_torch_load
    return _original_torch_load(f, *args, **kwargs)
  File "C:\dev\projects\AgniSight-AI\ai\venv\lib\site-packages\torch\serialization.py", line 1549, in load

[2026-03-21 02:28:17] [31merror[39m: AI stderr:     return _load(
  File "C:\dev\projects\AgniSight-AI\ai\venv\lib\site-packages\torch\serialization.py", line 2143, in _load

[2026-03-21 02:28:17] [31merror[39m: AI stderr:     result = unpickler.load()
  File "C:\dev\projects\AgniSight-AI\ai\venv\lib\site-packages\torch\serialization.py", line 2132, in find_class

[2026-03-21 02:28:17] [31merror[39m: AI stderr:     return super().find_class(mod_name, name)
ModuleNotFoundError: No module named 'models.yolo'

[2026-03-21 02:28:18] [31merror[39m: AI process crashed with code 1 for session 69bdb4dff8c0187b548d8e67
[2026-03-21 02:28:18] [31merror[39m: Background AI error for session 69bdb4dff8c0187b548d8e67: AI process exited with code 1
[2026-03-21 02:38:44] [31merror[39m: AI stderr: C:\dev\projects\AgniSight-AI\ai\venv\Scripts\python.exe: can't find '__main__' module in 'C:\\dev\\projects\\AgniSight-AI\\ai\\models\\yolov8n.pt'

[2026-03-21 02:38:44] [31merror[39m: AI process crashed with code 1 for session 69bdb75ae64f87657bd760bc
[2026-03-21 02:38:44] [31merror[39m: Background AI error for session 69bdb75ae64f87657bd760bc: AI process exited with code 1
[2026-03-21 02:41:46] [31merror[39m: AI stderr: [INFO] Model loaded successfully: C:\dev\projects\AgniSight-AI\ai\models\yolov8n.pt

[2026-03-21 02:42:01] [31merror[39m: AI stderr: C:\dev\projects\AgniSight-AI\ai\main.py:104: DeprecationWarning: Conversion of an array with ndim > 0 to a scalar is deprecated, and will error in future. Ensure you extract a single element from your array before performing this operation. (Deprecated NumPy 1.25.)
  {"trackId": int(t[4]), "bbox": [float(t[0]), float(t[1]), float(t[2]), float(t[3])]}

[2026-03-21 03:16:47] [31merror[39m: AI stderr: [INFO] Model loaded successfully: C:\dev\projects\AgniSight-AI\ai\models\yolov8n.pt

[2026-03-21 03:16:59] [31merror[39m: AI stderr: C:\dev\projects\AgniSight-AI\ai\main.py:104: DeprecationWarning: Conversion of an array with ndim > 0 to a scalar is deprecated, and will error in future. Ensure you extract a single element from your array before performing this operation. (Deprecated NumPy 1.25.)
  {"trackId": int(t[4]), "bbox": [float(t[0]), float(t[1]), float(t[2]), float(t[3])]}

[2026-03-21 03:40:26] [31merror[39m: AI stderr: [INFO] Model loaded successfully: C:\dev\projects\AgniSight-AI\ai\models\yolov8n.pt

[2026-03-21 03:40:37] [31merror[39m: AI stderr: C:\dev\projects\AgniSight-AI\ai\main.py:104: DeprecationWarning: Conversion of an array with ndim > 0 to a scalar is deprecated, and will error in future. Ensure you extract a single element from your array before performing this operation. (Deprecated NumPy 1.25.)
  {"trackId": int(t[4]), "bbox": [float(t[0]), float(t[1]), float(t[2]), float(t[3])]}

[2026-03-21 03:44:14] [31merror[39m: AI stderr: [INFO] Model loaded successfully: C:\dev\projects\AgniSight-AI\ai\models\yolov8n.pt

[2026-03-21 03:44:37] [31merror[39m: AI stderr: C:\dev\projects\AgniSight-AI\ai\main.py:104: DeprecationWarning: Conversion of an array with ndim > 0 to a scalar is deprecated, and will error in future. Ensure you extract a single element from your array before performing this operation. (Deprecated NumPy 1.25.)
  {"trackId": int(t[4]), "bbox": [float(t[0]), float(t[1]), float(t[2]), float(t[3])]}

